
*** Running vivado
    with args -log zynq_bd_sys_resetter_c2c_0.vds -m64 -product Vivado -mode batch -messageDb vivado.pb -notrace -source zynq_bd_sys_resetter_c2c_0.tcl


ECHO is off.
ECHO is off.

****** Vivado v2023.2 (64-bit)
  **** SW Build 4029153 on Fri Oct 13 20:14:34 MDT 2023
  **** IP Build 4028589 on Sat Oct 14 00:45:43 MDT 2023
  **** SharedData Build 4025554 on Tue Oct 10 17:18:54 MDT 2023
    ** Copyright 1986-2022 Xilinx, Inc. All Rights Reserved.
    ** Copyright 2022-2023 Advanced Micro Devices, Inc. All Rights Reserved.

source zynq_bd_sys_resetter_c2c_0.tcl -notrace
create_project: Time (s): cpu = 00:00:03 ; elapsed = 00:00:09 . Memory (MB): peak = 466.043 ; gain = 184.414
INFO: [IP_Flow 19-234] Refreshing IP repositories
INFO: [IP_Flow 19-1700] Loaded user IP repository 'c:/Dev/apollo_sm_vivado/ip_repo/axis_jtag'.
INFO: [IP_Flow 19-2313] Loaded Vivado IP repository 'C:/Xilinx/Vivado/2023.2/data/ip'.
INFO: [IP_Flow 19-6924] IPCACHE: Running cache check for IP inst: zynq_bd_sys_resetter_c2c_0
Command: synth_design -top zynq_bd_sys_resetter_c2c_0 -part xczu7ev-fbvb900-2-i -incremental_mode off -mode out_of_context
Starting synth_design
Attempting to get a license for feature 'Synthesis' and/or device 'xczu7ev'
INFO: [Common 17-349] Got license for feature 'Synthesis' and/or device 'xczu7ev'
INFO: [Device 21-403] Loading part xczu7ev-fbvb900-2-i
INFO: [Synth 8-7079] Multithreading enabled for synth_design using a maximum of 2 processes.
INFO: [Synth 8-7078] Launching helper process for spawning children vivado processes
INFO: [Synth 8-7075] Helper process launched with PID 12276
---------------------------------------------------------------------------------
Starting RTL Elaboration : Time (s): cpu = 00:00:03 ; elapsed = 00:01:00 . Memory (MB): peak = 2006.562 ; gain = 386.395
---------------------------------------------------------------------------------
INFO: [Synth 8-638] synthesizing module 'zynq_bd_sys_resetter_c2c_0' [c:/Dev/apollo_sm_vivado/apollo_sm_xu8/apollo_sm_xu8.gen/sources_1/bd/zynq_bd/ip/zynq_bd_sys_resetter_c2c_0/synth/zynq_bd_sys_resetter_c2c_0.vhd:74]
WARNING: [Synth 8-3819] Generic 'GLOBAL_DATE' not present in instantiated entity will be ignored
WARNING: [Synth 8-3819] Generic 'GLOBAL_TIME' not present in instantiated entity will be ignored
WARNING: [Synth 8-3819] Generic 'GLOBAL_VER' not present in instantiated entity will be ignored
WARNING: [Synth 8-3819] Generic 'GLOBAL_SHA' not present in instantiated entity will be ignored
WARNING: [Synth 8-3819] Generic 'TOP_SHA' not present in instantiated entity will be ignored
WARNING: [Synth 8-3819] Generic 'TOP_VER' not present in instantiated entity will be ignored
WARNING: [Synth 8-3819] Generic 'HOG_SHA' not present in instantiated entity will be ignored
WARNING: [Synth 8-3819] Generic 'HOG_VER' not present in instantiated entity will be ignored
WARNING: [Synth 8-3819] Generic 'CON_VER' not present in instantiated entity will be ignored
WARNING: [Synth 8-3819] Generic 'CON_SHA' not present in instantiated entity will be ignored
WARNING: [Synth 8-3819] Generic 'XML_VER' not present in instantiated entity will be ignored
WARNING: [Synth 8-3819] Generic 'XML_SHA' not present in instantiated entity will be ignored
WARNING: [Synth 8-3819] Generic 'XIL_DEFAULTLIB_VER' not present in instantiated entity will be ignored
WARNING: [Synth 8-3819] Generic 'XIL_DEFAULTLIB_SHA' not present in instantiated entity will be ignored
	Parameter C_FAMILY bound to: zynquplus - type: string 
	Parameter C_EXT_RST_WIDTH bound to: 4 - type: integer 
	Parameter C_AUX_RST_WIDTH bound to: 1 - type: integer 
	Parameter C_EXT_RESET_HIGH bound to: 1'b0 
	Parameter C_AUX_RESET_HIGH bound to: 1'b1 
	Parameter C_NUM_BUS_RST bound to: 1 - type: integer 
	Parameter C_NUM_PERP_RST bound to: 1 - type: integer 
	Parameter C_NUM_INTERCONNECT_ARESETN bound to: 1 - type: integer 
	Parameter C_NUM_PERP_ARESETN bound to: 1 - type: integer 
INFO: [Synth 8-3491] module 'proc_sys_reset' declared at 'c:/Dev/apollo_sm_vivado/apollo_sm_xu8/apollo_sm_xu8.gen/sources_1/bd/zynq_bd/ipshared/408c/hdl/proc_sys_reset_v5_0_vh_rfs.vhd:1271' bound to instance 'U0' of component 'proc_sys_reset' [c:/Dev/apollo_sm_vivado/apollo_sm_xu8/apollo_sm_xu8.gen/sources_1/bd/zynq_bd/ip/zynq_bd_sys_resetter_c2c_0/synth/zynq_bd_sys_resetter_c2c_0.vhd:129]
INFO: [Synth 8-638] synthesizing module 'proc_sys_reset' [c:/Dev/apollo_sm_vivado/apollo_sm_xu8/apollo_sm_xu8.gen/sources_1/bd/zynq_bd/ipshared/408c/hdl/proc_sys_reset_v5_0_vh_rfs.vhd:1330]
	Parameter INIT bound to: 1'b1 
INFO: [Synth 8-113] binding component instance 'FDRE_inst' to cell 'FDRE' [c:/Dev/apollo_sm_vivado/apollo_sm_xu8/apollo_sm_xu8.gen/sources_1/bd/zynq_bd/ipshared/408c/hdl/proc_sys_reset_v5_0_vh_rfs.vhd:1399]
	Parameter INIT bound to: 1'b1 
INFO: [Synth 8-113] binding component instance 'FDRE_BSR' to cell 'FDRE' [c:/Dev/apollo_sm_vivado/apollo_sm_xu8/apollo_sm_xu8.gen/sources_1/bd/zynq_bd/ipshared/408c/hdl/proc_sys_reset_v5_0_vh_rfs.vhd:1415]
	Parameter INIT bound to: 1'b0 
INFO: [Synth 8-113] binding component instance 'FDRE_BSR_N' to cell 'FDRE' [c:/Dev/apollo_sm_vivado/apollo_sm_xu8/apollo_sm_xu8.gen/sources_1/bd/zynq_bd/ipshared/408c/hdl/proc_sys_reset_v5_0_vh_rfs.vhd:1441]
	Parameter INIT bound to: 1'b1 
INFO: [Synth 8-113] binding component instance 'FDRE_PER' to cell 'FDRE' [c:/Dev/apollo_sm_vivado/apollo_sm_xu8/apollo_sm_xu8.gen/sources_1/bd/zynq_bd/ipshared/408c/hdl/proc_sys_reset_v5_0_vh_rfs.vhd:1464]
	Parameter INIT bound to: 1'b0 
INFO: [Synth 8-113] binding component instance 'FDRE_PER_N' to cell 'FDRE' [c:/Dev/apollo_sm_vivado/apollo_sm_xu8/apollo_sm_xu8.gen/sources_1/bd/zynq_bd/ipshared/408c/hdl/proc_sys_reset_v5_0_vh_rfs.vhd:1488]
INFO: [Synth 8-638] synthesizing module 'lpf' [c:/Dev/apollo_sm_vivado/apollo_sm_xu8/apollo_sm_xu8.gen/sources_1/bd/zynq_bd/ipshared/408c/hdl/proc_sys_reset_v5_0_vh_rfs.vhd:821]
INFO: [Synth 8-3491] module 'SRL16' declared at 'C:/Xilinx/Vivado/2023.2/scripts/rt/data/unisim_comp.v:133721' bound to instance 'POR_SRL_I' of component 'SRL16' [c:/Dev/apollo_sm_vivado/apollo_sm_xu8/apollo_sm_xu8.gen/sources_1/bd/zynq_bd/ipshared/408c/hdl/proc_sys_reset_v5_0_vh_rfs.vhd:873]
INFO: [Synth 8-6157] synthesizing module 'SRL16' [C:/Xilinx/Vivado/2023.2/scripts/rt/data/unisim_comp.v:133721]
INFO: [Synth 8-6155] done synthesizing module 'SRL16' (0#1) [C:/Xilinx/Vivado/2023.2/scripts/rt/data/unisim_comp.v:133721]
INFO: [Synth 8-638] synthesizing module 'cdc_sync' [c:/Dev/apollo_sm_vivado/apollo_sm_xu8/apollo_sm_xu8.gen/sources_1/bd/zynq_bd/ipshared/ef1e/hdl/lib_cdc_v1_0_rfs.vhd:106]
	Parameter INIT bound to: 1'b0 
INFO: [Synth 8-113] binding component instance 'CROSS_PLEVEL_IN2SCNDRY_IN_cdc_to' to cell 'FDR' [c:/Dev/apollo_sm_vivado/apollo_sm_xu8/apollo_sm_xu8.gen/sources_1/bd/zynq_bd/ipshared/ef1e/hdl/lib_cdc_v1_0_rfs.vhd:514]
	Parameter INIT bound to: 1'b0 
INFO: [Synth 8-113] binding component instance 'CROSS_PLEVEL_IN2SCNDRY_s_level_out_d2' to cell 'FDR' [c:/Dev/apollo_sm_vivado/apollo_sm_xu8/apollo_sm_xu8.gen/sources_1/bd/zynq_bd/ipshared/ef1e/hdl/lib_cdc_v1_0_rfs.vhd:545]
	Parameter INIT bound to: 1'b0 
INFO: [Synth 8-113] binding component instance 'CROSS_PLEVEL_IN2SCNDRY_s_level_out_d3' to cell 'FDR' [c:/Dev/apollo_sm_vivado/apollo_sm_xu8/apollo_sm_xu8.gen/sources_1/bd/zynq_bd/ipshared/ef1e/hdl/lib_cdc_v1_0_rfs.vhd:554]
	Parameter INIT bound to: 1'b0 
INFO: [Synth 8-113] binding component instance 'CROSS_PLEVEL_IN2SCNDRY_s_level_out_d4' to cell 'FDR' [c:/Dev/apollo_sm_vivado/apollo_sm_xu8/apollo_sm_xu8.gen/sources_1/bd/zynq_bd/ipshared/ef1e/hdl/lib_cdc_v1_0_rfs.vhd:564]
	Parameter INIT bound to: 1'b0 
INFO: [Synth 8-113] binding component instance 'CROSS_PLEVEL_IN2SCNDRY_s_level_out_d5' to cell 'FDR' [c:/Dev/apollo_sm_vivado/apollo_sm_xu8/apollo_sm_xu8.gen/sources_1/bd/zynq_bd/ipshared/ef1e/hdl/lib_cdc_v1_0_rfs.vhd:574]
	Parameter INIT bound to: 1'b0 
INFO: [Synth 8-113] binding component instance 'CROSS_PLEVEL_IN2SCNDRY_s_level_out_d6' to cell 'FDR' [c:/Dev/apollo_sm_vivado/apollo_sm_xu8/apollo_sm_xu8.gen/sources_1/bd/zynq_bd/ipshared/ef1e/hdl/lib_cdc_v1_0_rfs.vhd:584]
INFO: [Synth 8-256] done synthesizing module 'cdc_sync' (0#1) [c:/Dev/apollo_sm_vivado/apollo_sm_xu8/apollo_sm_xu8.gen/sources_1/bd/zynq_bd/ipshared/ef1e/hdl/lib_cdc_v1_0_rfs.vhd:106]
INFO: [Synth 8-256] done synthesizing module 'lpf' (0#1) [c:/Dev/apollo_sm_vivado/apollo_sm_xu8/apollo_sm_xu8.gen/sources_1/bd/zynq_bd/ipshared/408c/hdl/proc_sys_reset_v5_0_vh_rfs.vhd:821]
INFO: [Synth 8-638] synthesizing module 'sequence_psr' [c:/Dev/apollo_sm_vivado/apollo_sm_xu8/apollo_sm_xu8.gen/sources_1/bd/zynq_bd/ipshared/408c/hdl/proc_sys_reset_v5_0_vh_rfs.vhd:304]
INFO: [Synth 8-638] synthesizing module 'upcnt_n' [c:/Dev/apollo_sm_vivado/apollo_sm_xu8/apollo_sm_xu8.gen/sources_1/bd/zynq_bd/ipshared/408c/hdl/proc_sys_reset_v5_0_vh_rfs.vhd:126]
INFO: [Synth 8-256] done synthesizing module 'upcnt_n' (0#1) [c:/Dev/apollo_sm_vivado/apollo_sm_xu8/apollo_sm_xu8.gen/sources_1/bd/zynq_bd/ipshared/408c/hdl/proc_sys_reset_v5_0_vh_rfs.vhd:126]
INFO: [Synth 8-256] done synthesizing module 'sequence_psr' (0#1) [c:/Dev/apollo_sm_vivado/apollo_sm_xu8/apollo_sm_xu8.gen/sources_1/bd/zynq_bd/ipshared/408c/hdl/proc_sys_reset_v5_0_vh_rfs.vhd:304]
INFO: [Synth 8-256] done synthesizing module 'proc_sys_reset' (0#1) [c:/Dev/apollo_sm_vivado/apollo_sm_xu8/apollo_sm_xu8.gen/sources_1/bd/zynq_bd/ipshared/408c/hdl/proc_sys_reset_v5_0_vh_rfs.vhd:1330]
INFO: [Synth 8-256] done synthesizing module 'zynq_bd_sys_resetter_c2c_0' (0#1) [c:/Dev/apollo_sm_vivado/apollo_sm_xu8/apollo_sm_xu8.gen/sources_1/bd/zynq_bd/ip/zynq_bd_sys_resetter_c2c_0/synth/zynq_bd_sys_resetter_c2c_0.vhd:74]
WARNING: [Synth 8-3301] Unused top level parameter/generic GLOBAL_DATE
WARNING: [Synth 8-3301] Unused top level parameter/generic GLOBAL_TIME
WARNING: [Synth 8-3301] Unused top level parameter/generic GLOBAL_VER
WARNING: [Synth 8-3301] Unused top level parameter/generic GLOBAL_SHA
WARNING: [Synth 8-3301] Unused top level parameter/generic TOP_SHA
WARNING: [Synth 8-3301] Unused top level parameter/generic TOP_VER
WARNING: [Synth 8-3301] Unused top level parameter/generic HOG_SHA
WARNING: [Synth 8-3301] Unused top level parameter/generic HOG_VER
WARNING: [Synth 8-3301] Unused top level parameter/generic CON_VER
WARNING: [Synth 8-3301] Unused top level parameter/generic CON_SHA
WARNING: [Synth 8-3301] Unused top level parameter/generic XML_VER
WARNING: [Synth 8-3301] Unused top level parameter/generic XML_SHA
WARNING: [Synth 8-3301] Unused top level parameter/generic XIL_DEFAULTLIB_VER
WARNING: [Synth 8-3301] Unused top level parameter/generic XIL_DEFAULTLIB_SHA
WARNING: [Synth 8-7129] Port prmry_aclk in module cdc_sync is either unconnected or has no load
WARNING: [Synth 8-7129] Port prmry_resetn in module cdc_sync is either unconnected or has no load
WARNING: [Synth 8-7129] Port prmry_vect_in[1] in module cdc_sync is either unconnected or has no load
WARNING: [Synth 8-7129] Port prmry_vect_in[0] in module cdc_sync is either unconnected or has no load
WARNING: [Synth 8-7129] Port scndry_resetn in module cdc_sync is either unconnected or has no load
---------------------------------------------------------------------------------
Finished RTL Elaboration : Time (s): cpu = 00:00:04 ; elapsed = 00:01:04 . Memory (MB): peak = 2120.379 ; gain = 500.211
---------------------------------------------------------------------------------
---------------------------------------------------------------------------------
Start Handling Custom Attributes
---------------------------------------------------------------------------------
---------------------------------------------------------------------------------
Finished Handling Custom Attributes : Time (s): cpu = 00:00:04 ; elapsed = 00:01:05 . Memory (MB): peak = 2120.379 ; gain = 500.211
---------------------------------------------------------------------------------
---------------------------------------------------------------------------------
Finished RTL Optimization Phase 1 : Time (s): cpu = 00:00:04 ; elapsed = 00:01:05 . Memory (MB): peak = 2120.379 ; gain = 500.211
---------------------------------------------------------------------------------
Netlist sorting complete. Time (s): cpu = 00:00:00 ; elapsed = 00:00:00.001 . Memory (MB): peak = 2120.379 ; gain = 0.000
INFO: [Netlist 29-17] Analyzing 13 Unisim elements for replacement
INFO: [Netlist 29-28] Unisim Transformation completed in 0 CPU seconds
INFO: [Project 1-570] Preparing netlist for logic optimization

Processing XDC Constraints
Initializing timing engine
Parsing XDC File [c:/Dev/apollo_sm_vivado/apollo_sm_xu8/apollo_sm_xu8.gen/sources_1/bd/zynq_bd/ip/zynq_bd_sys_resetter_c2c_0/zynq_bd_sys_resetter_c2c_0_ooc.xdc] for cell 'U0'
create_clock: Time (s): cpu = 00:00:03 ; elapsed = 00:00:07 . Memory (MB): peak = 2214.594 ; gain = 3.723
Finished Parsing XDC File [c:/Dev/apollo_sm_vivado/apollo_sm_xu8/apollo_sm_xu8.gen/sources_1/bd/zynq_bd/ip/zynq_bd_sys_resetter_c2c_0/zynq_bd_sys_resetter_c2c_0_ooc.xdc] for cell 'U0'
Parsing XDC File [c:/Dev/apollo_sm_vivado/apollo_sm_xu8/apollo_sm_xu8.gen/sources_1/bd/zynq_bd/ip/zynq_bd_sys_resetter_c2c_0/zynq_bd_sys_resetter_c2c_0_board.xdc] for cell 'U0'
Finished Parsing XDC File [c:/Dev/apollo_sm_vivado/apollo_sm_xu8/apollo_sm_xu8.gen/sources_1/bd/zynq_bd/ip/zynq_bd_sys_resetter_c2c_0/zynq_bd_sys_resetter_c2c_0_board.xdc] for cell 'U0'
Parsing XDC File [c:/Dev/apollo_sm_vivado/apollo_sm_xu8/apollo_sm_xu8.gen/sources_1/bd/zynq_bd/ip/zynq_bd_sys_resetter_c2c_0/zynq_bd_sys_resetter_c2c_0.xdc] for cell 'U0'
Finished Parsing XDC File [c:/Dev/apollo_sm_vivado/apollo_sm_xu8/apollo_sm_xu8.gen/sources_1/bd/zynq_bd/ip/zynq_bd_sys_resetter_c2c_0/zynq_bd_sys_resetter_c2c_0.xdc] for cell 'U0'
INFO: [Project 1-236] Implementation specific constraints were found while reading constraint file [c:/Dev/apollo_sm_vivado/apollo_sm_xu8/apollo_sm_xu8.gen/sources_1/bd/zynq_bd/ip/zynq_bd_sys_resetter_c2c_0/zynq_bd_sys_resetter_c2c_0.xdc]. These constraints will be ignored for synthesis but will be used in implementation. Impacted constraints are listed in the file [.Xil/zynq_bd_sys_resetter_c2c_0_propImpl.xdc].
Resolution: To avoid this warning, move constraints listed in [.Xil/zynq_bd_sys_resetter_c2c_0_propImpl.xdc] to another XDC file and exclude this new file from synthesis with the used_in_synthesis property (File Properties dialog in GUI) and re-run elaboration/synthesis.
Parsing XDC File [C:/Dev/apollo_sm_vivado/apollo_sm_xu8/apollo_sm_xu8.runs/zynq_bd_sys_resetter_c2c_0_synth_1/dont_touch.xdc]
Finished Parsing XDC File [C:/Dev/apollo_sm_vivado/apollo_sm_xu8/apollo_sm_xu8.runs/zynq_bd_sys_resetter_c2c_0_synth_1/dont_touch.xdc]
Completed Processing XDC Constraints

Netlist sorting complete. Time (s): cpu = 00:00:00 ; elapsed = 00:00:00 . Memory (MB): peak = 2214.594 ; gain = 0.000
INFO: [Project 1-111] Unisim Transformation Summary:
  A total of 13 instances were transformed.
  FDR => FDRE: 12 instances
  SRL16 => SRL16E: 1 instance 

The system cannot find the path specified.
Constraint Validation Runtime : Time (s): cpu = 00:00:00 ; elapsed = 00:00:00.026 . Memory (MB): peak = 2215.398 ; gain = 0.805
INFO: [Designutils 20-5008] Incremental synthesis strategy off
---------------------------------------------------------------------------------
Finished Constraint Validation : Time (s): cpu = 00:00:11 ; elapsed = 00:01:23 . Memory (MB): peak = 2215.398 ; gain = 595.230
---------------------------------------------------------------------------------
---------------------------------------------------------------------------------
Start Loading Part and Timing Information
---------------------------------------------------------------------------------
Loading part: xczu7ev-fbvb900-2-i
INFO: [Synth 8-6742] Reading net delay rules and data
---------------------------------------------------------------------------------
Finished Loading Part and Timing Information : Time (s): cpu = 00:00:11 ; elapsed = 00:01:23 . Memory (MB): peak = 2215.398 ; gain = 595.230
---------------------------------------------------------------------------------
---------------------------------------------------------------------------------
Start Applying 'set_property' XDC Constraints
---------------------------------------------------------------------------------
Applied set_property KEEP_HIERARCHY = SOFT for U0. (constraint file  C:/Dev/apollo_sm_vivado/apollo_sm_xu8/apollo_sm_xu8.runs/zynq_bd_sys_resetter_c2c_0_synth_1/dont_touch.xdc, line 9).
---------------------------------------------------------------------------------
Finished applying 'set_property' XDC Constraints : Time (s): cpu = 00:00:11 ; elapsed = 00:01:23 . Memory (MB): peak = 2215.398 ; gain = 595.230
---------------------------------------------------------------------------------
---------------------------------------------------------------------------------
Finished RTL Optimization Phase 2 : Time (s): cpu = 00:00:11 ; elapsed = 00:01:23 . Memory (MB): peak = 2215.398 ; gain = 595.230
---------------------------------------------------------------------------------
---------------------------------------------------------------------------------
Start RTL Component Statistics 
---------------------------------------------------------------------------------
Detailed RTL Component Info : 
+---Adders : 
	   2 Input    6 Bit       Adders := 1     
+---Registers : 
	                6 Bit    Registers := 1     
	                3 Bit    Registers := 3     
	                1 Bit    Registers := 8     
+---Muxes : 
	   2 Input    6 Bit        Muxes := 1     
	   2 Input    1 Bit        Muxes := 1     
---------------------------------------------------------------------------------
Finished RTL Component Statistics 
---------------------------------------------------------------------------------
---------------------------------------------------------------------------------
Start Part Resource Summary
---------------------------------------------------------------------------------
Part Resources:
DSPs: 1728 (col length:144)
BRAMs: 624 (col length: RAMB18 144 RAMB36 72)
---------------------------------------------------------------------------------
Finished Part Resource Summary
---------------------------------------------------------------------------------
---------------------------------------------------------------------------------
Start Cross Boundary and Area Optimization
---------------------------------------------------------------------------------
WARNING: [Synth 8-7080] Parallel synthesis criteria is not met
WARNING: [Synth 8-3332] Sequential element (EXT_LPF/ACTIVE_LOW_EXT.ACT_LO_EXT/GENERATE_LEVEL_P_S_CDC.SINGLE_BIT.CROSS_PLEVEL_IN2SCNDRY_s_level_out_d5) is unused and will be removed from module proc_sys_reset.
WARNING: [Synth 8-3332] Sequential element (EXT_LPF/ACTIVE_LOW_EXT.ACT_LO_EXT/GENERATE_LEVEL_P_S_CDC.SINGLE_BIT.CROSS_PLEVEL_IN2SCNDRY_s_level_out_d6) is unused and will be removed from module proc_sys_reset.
WARNING: [Synth 8-3332] Sequential element (EXT_LPF/ACTIVE_HIGH_AUX.ACT_HI_AUX/GENERATE_LEVEL_P_S_CDC.SINGLE_BIT.CROSS_PLEVEL_IN2SCNDRY_s_level_out_d5) is unused and will be removed from module proc_sys_reset.
WARNING: [Synth 8-3332] Sequential element (EXT_LPF/ACTIVE_HIGH_AUX.ACT_HI_AUX/GENERATE_LEVEL_P_S_CDC.SINGLE_BIT.CROSS_PLEVEL_IN2SCNDRY_s_level_out_d6) is unused and will be removed from module proc_sys_reset.
---------------------------------------------------------------------------------
Finished Cross Boundary and Area Optimization : Time (s): cpu = 00:00:12 ; elapsed = 00:01:26 . Memory (MB): peak = 2215.398 ; gain = 595.230
---------------------------------------------------------------------------------
---------------------------------------------------------------------------------
Start Applying XDC Timing Constraints
---------------------------------------------------------------------------------
---------------------------------------------------------------------------------
Finished Applying XDC Timing Constraints : Time (s): cpu = 00:00:18 ; elapsed = 00:01:52 . Memory (MB): peak = 2670.578 ; gain = 1050.410
---------------------------------------------------------------------------------
---------------------------------------------------------------------------------
Start Timing Optimization
---------------------------------------------------------------------------------
---------------------------------------------------------------------------------
Finished Timing Optimization : Time (s): cpu = 00:00:18 ; elapsed = 00:01:52 . Memory (MB): peak = 2670.578 ; gain = 1050.410
---------------------------------------------------------------------------------
---------------------------------------------------------------------------------
Start Technology Mapping
---------------------------------------------------------------------------------
---------------------------------------------------------------------------------
Finished Technology Mapping : Time (s): cpu = 00:00:18 ; elapsed = 00:01:52 . Memory (MB): peak = 2699.207 ; gain = 1079.039
---------------------------------------------------------------------------------
---------------------------------------------------------------------------------
Start IO Insertion
---------------------------------------------------------------------------------
---------------------------------------------------------------------------------
Start Flattening Before IO Insertion
---------------------------------------------------------------------------------
---------------------------------------------------------------------------------
Finished Flattening Before IO Insertion
---------------------------------------------------------------------------------
---------------------------------------------------------------------------------
Start Final Netlist Cleanup
---------------------------------------------------------------------------------
---------------------------------------------------------------------------------
Finished Final Netlist Cleanup
---------------------------------------------------------------------------------
---------------------------------------------------------------------------------
Finished IO Insertion : Time (s): cpu = 00:00:19 ; elapsed = 00:02:09 . Memory (MB): peak = 2699.207 ; gain = 1079.039
---------------------------------------------------------------------------------
---------------------------------------------------------------------------------
Start Renaming Generated Instances
---------------------------------------------------------------------------------
---------------------------------------------------------------------------------
Finished Renaming Generated Instances : Time (s): cpu = 00:00:19 ; elapsed = 00:02:09 . Memory (MB): peak = 2699.207 ; gain = 1079.039
---------------------------------------------------------------------------------
---------------------------------------------------------------------------------
Start Rebuilding User Hierarchy
---------------------------------------------------------------------------------
---------------------------------------------------------------------------------
Finished Rebuilding User Hierarchy : Time (s): cpu = 00:00:19 ; elapsed = 00:02:10 . Memory (MB): peak = 2699.207 ; gain = 1079.039
---------------------------------------------------------------------------------
---------------------------------------------------------------------------------
Start Renaming Generated Ports
---------------------------------------------------------------------------------
---------------------------------------------------------------------------------
Finished Renaming Generated Ports : Time (s): cpu = 00:00:19 ; elapsed = 00:02:10 . Memory (MB): peak = 2699.207 ; gain = 1079.039
---------------------------------------------------------------------------------
---------------------------------------------------------------------------------
Start Handling Custom Attributes
---------------------------------------------------------------------------------
---------------------------------------------------------------------------------
Finished Handling Custom Attributes : Time (s): cpu = 00:00:19 ; elapsed = 00:02:10 . Memory (MB): peak = 2699.207 ; gain = 1079.039
---------------------------------------------------------------------------------
---------------------------------------------------------------------------------
Start Renaming Generated Nets
---------------------------------------------------------------------------------
---------------------------------------------------------------------------------
Finished Renaming Generated Nets : Time (s): cpu = 00:00:19 ; elapsed = 00:02:10 . Memory (MB): peak = 2699.207 ; gain = 1079.039
---------------------------------------------------------------------------------
---------------------------------------------------------------------------------
Start Writing Synthesis Report
---------------------------------------------------------------------------------

Report BlackBoxes: 
+-+--------------+----------+
| |BlackBox name |Instances |
+-+--------------+----------+
+-+--------------+----------+

Report Cell Usage: 
+------+------+------+
|      |Cell  |Count |
+------+------+------+
|1     |LUT1  |     4|
|2     |LUT2  |     9|
|3     |LUT3  |     1|
|4     |LUT4  |     6|
|5     |LUT5  |     2|
|6     |LUT6  |     1|
|7     |SRL16 |     1|
|8     |FDR   |     8|
|9     |FDRE  |    25|
|10    |FDSE  |     4|
+------+------+------+
---------------------------------------------------------------------------------
Finished Writing Synthesis Report : Time (s): cpu = 00:00:19 ; elapsed = 00:02:10 . Memory (MB): peak = 2699.207 ; gain = 1079.039
---------------------------------------------------------------------------------
Synthesis finished with 0 errors, 0 critical warnings and 5 warnings.
Synthesis Optimization Runtime : Time (s): cpu = 00:00:11 ; elapsed = 00:02:00 . Memory (MB): peak = 2699.207 ; gain = 984.020
Synthesis Optimization Complete : Time (s): cpu = 00:00:19 ; elapsed = 00:02:11 . Memory (MB): peak = 2699.207 ; gain = 1079.039
INFO: [Project 1-571] Translating synthesized netlist
Netlist sorting complete. Time (s): cpu = 00:00:00 ; elapsed = 00:00:00.025 . Memory (MB): peak = 2699.207 ; gain = 0.000
INFO: [Netlist 29-17] Analyzing 9 Unisim elements for replacement
INFO: [Netlist 29-28] Unisim Transformation completed in 0 CPU seconds
INFO: [Project 1-570] Preparing netlist for logic optimization
INFO: [Opt 31-138] Pushed 0 inverter(s) to 0 load pin(s).
Netlist sorting complete. Time (s): cpu = 00:00:00 ; elapsed = 00:00:00.001 . Memory (MB): peak = 2742.066 ; gain = 0.000
INFO: [Project 1-111] Unisim Transformation Summary:
  A total of 9 instances were transformed.
  FDR => FDRE: 8 instances
  SRL16 => SRL16E: 1 instance 

The system cannot find the path specified.
Synth Design complete | Checksum: 32d2e700
INFO: [Common 17-83] Releasing license: Synthesis
50 Infos, 38 Warnings, 0 Critical Warnings and 0 Errors encountered.
synth_design completed successfully
synth_design: Time (s): cpu = 00:00:21 ; elapsed = 00:03:16 . Memory (MB): peak = 2742.066 ; gain = 2226.039
Write ShapeDB Complete: Time (s): cpu = 00:00:00 ; elapsed = 00:00:00.005 . Memory (MB): peak = 2742.066 ; gain = 0.000
INFO: [Common 17-1381] The checkpoint 'C:/Dev/apollo_sm_vivado/apollo_sm_xu8/apollo_sm_xu8.runs/zynq_bd_sys_resetter_c2c_0_synth_1/zynq_bd_sys_resetter_c2c_0.dcp' has been generated.
INFO: [Coretcl 2-1648] Added synthesis output to IP cache for IP zynq_bd_sys_resetter_c2c_0, cache-ID = 906b9fd159f1c365
INFO: [Coretcl 2-1174] Renamed 6 cell refs.
Write ShapeDB Complete: Time (s): cpu = 00:00:00 ; elapsed = 00:00:00.001 . Memory (MB): peak = 2742.066 ; gain = 0.000
INFO: [Common 17-1381] The checkpoint 'C:/Dev/apollo_sm_vivado/apollo_sm_xu8/apollo_sm_xu8.runs/zynq_bd_sys_resetter_c2c_0_synth_1/zynq_bd_sys_resetter_c2c_0.dcp' has been generated.
INFO: [runtcl-4] Executing : report_utilization -file zynq_bd_sys_resetter_c2c_0_utilization_synth.rpt -pb zynq_bd_sys_resetter_c2c_0_utilization_synth.pb
INFO: [Common 17-206] Exiting Vivado at Mon Jul 15 16:46:22 2024...

*** Running vivado
    with args -log zynq_bd_sys_resetter_c2c_0.vds -m64 -product Vivado -mode batch -messageDb vivado.pb -notrace -source zynq_bd_sys_resetter_c2c_0.tcl


ECHO is off.
ECHO is off.

****** Vivado v2023.2 (64-bit)
  **** SW Build 4029153 on Fri Oct 13 20:14:34 MDT 2023
  **** IP Build 4028589 on Sat Oct 14 00:45:43 MDT 2023
  **** SharedData Build 4025554 on Tue Oct 10 17:18:54 MDT 2023
    ** Copyright 1986-2022 Xilinx, Inc. All Rights Reserved.
    ** Copyright 2022-2023 Advanced Micro Devices, Inc. All Rights Reserved.

source zynq_bd_sys_resetter_c2c_0.tcl -notrace
create_project: Time (s): cpu = 00:00:02 ; elapsed = 00:00:09 . Memory (MB): peak = 464.816 ; gain = 184.438
INFO: [IP_Flow 19-234] Refreshing IP repositories
INFO: [IP_Flow 19-1700] Loaded user IP repository 'c:/Dev/apollo_sm_vivado/ip_repo/axis_jtag'.
INFO: [IP_Flow 19-2313] Loaded Vivado IP repository 'C:/Xilinx/Vivado/2023.2/data/ip'.
INFO: [IP_Flow 19-6924] IPCACHE: Running cache check for IP inst: zynq_bd_sys_resetter_c2c_0
INFO: [IP_Flow 19-6922] IPCACHE: Exporting cached entry 906b9fd159f1c365 to dir: C:/Dev/apollo_sm_vivado/apollo_sm_xu8/apollo_sm_xu8.runs/zynq_bd_sys_resetter_c2c_0_synth_1
INFO: [IP_Flow 19-6928] IPCACHE: copied cached file c:/Dev/apollo_sm_vivado/apollo_sm_xu8/apollo_sm_xu8.cache/ip/2023.2/9/0/906b9fd159f1c365/zynq_bd_sys_resetter_c2c_0.dcp to C:/Dev/apollo_sm_vivado/apollo_sm_xu8/apollo_sm_xu8.runs/zynq_bd_sys_resetter_c2c_0_synth_1/zynq_bd_sys_resetter_c2c_0.dcp.
INFO: [IP_Flow 19-6928] IPCACHE: copied cached file c:/Dev/apollo_sm_vivado/apollo_sm_xu8/apollo_sm_xu8.cache/ip/2023.2/9/0/906b9fd159f1c365/zynq_bd_sys_resetter_c2c_0_sim_netlist.v to C:/Dev/apollo_sm_vivado/apollo_sm_xu8/apollo_sm_xu8.runs/zynq_bd_sys_resetter_c2c_0_synth_1/zynq_bd_sys_resetter_c2c_0_sim_netlist.v.
INFO: [IP_Flow 19-6928] IPCACHE: copied cached file c:/Dev/apollo_sm_vivado/apollo_sm_xu8/apollo_sm_xu8.cache/ip/2023.2/9/0/906b9fd159f1c365/zynq_bd_sys_resetter_c2c_0_sim_netlist.vhdl to C:/Dev/apollo_sm_vivado/apollo_sm_xu8/apollo_sm_xu8.runs/zynq_bd_sys_resetter_c2c_0_synth_1/zynq_bd_sys_resetter_c2c_0_sim_netlist.vhdl.
INFO: [IP_Flow 19-6928] IPCACHE: copied cached file c:/Dev/apollo_sm_vivado/apollo_sm_xu8/apollo_sm_xu8.cache/ip/2023.2/9/0/906b9fd159f1c365/zynq_bd_sys_resetter_c2c_0_stub.v to C:/Dev/apollo_sm_vivado/apollo_sm_xu8/apollo_sm_xu8.runs/zynq_bd_sys_resetter_c2c_0_synth_1/zynq_bd_sys_resetter_c2c_0_stub.v.
INFO: [IP_Flow 19-6928] IPCACHE: copied cached file c:/Dev/apollo_sm_vivado/apollo_sm_xu8/apollo_sm_xu8.cache/ip/2023.2/9/0/906b9fd159f1c365/zynq_bd_sys_resetter_c2c_0_stub.vhdl to C:/Dev/apollo_sm_vivado/apollo_sm_xu8/apollo_sm_xu8.runs/zynq_bd_sys_resetter_c2c_0_synth_1/zynq_bd_sys_resetter_c2c_0_stub.vhdl.
INFO: [IP_Flow 19-4838] Using cached IP synthesis design for IP zynq_bd_sys_resetter_c2c_0, cache-ID = 906b9fd159f1c365.
INFO: [Common 17-206] Exiting Vivado at Mon Jul 15 17:52:13 2024...
