
*** Running vivado
    with args -log zynq_bd_auto_us_2.vds -m64 -product Vivado -mode batch -messageDb vivado.pb -notrace -source zynq_bd_auto_us_2.tcl


ECHO is off.
ECHO is off.

****** Vivado v2023.2 (64-bit)
  **** SW Build 4029153 on Fri Oct 13 20:14:34 MDT 2023
  **** IP Build 4028589 on Sat Oct 14 00:45:43 MDT 2023
  **** SharedData Build 4025554 on Tue Oct 10 17:18:54 MDT 2023
    ** Copyright 1986-2022 Xilinx, Inc. All Rights Reserved.
    ** Copyright 2022-2023 Advanced Micro Devices, Inc. All Rights Reserved.

source zynq_bd_auto_us_2.tcl -notrace
create_project: Time (s): cpu = 00:00:02 ; elapsed = 00:00:09 . Memory (MB): peak = 465.648 ; gain = 182.219
INFO: [IP_Flow 19-234] Refreshing IP repositories
INFO: [IP_Flow 19-1700] Loaded user IP repository 'c:/Dev/apollo_sm_vivado/ip_repo/axis_jtag'.
INFO: [IP_Flow 19-2313] Loaded Vivado IP repository 'C:/Xilinx/Vivado/2023.2/data/ip'.
INFO: [IP_Flow 19-6924] IPCACHE: Running cache check for IP inst: zynq_bd_auto_us_2
Command: synth_design -top zynq_bd_auto_us_2 -part xczu7ev-fbvb900-2-i -incremental_mode off -mode out_of_context
Starting synth_design
Attempting to get a license for feature 'Synthesis' and/or device 'xczu7ev'
INFO: [Common 17-349] Got license for feature 'Synthesis' and/or device 'xczu7ev'
INFO: [Device 21-403] Loading part xczu7ev-fbvb900-2-i
INFO: [Synth 8-7079] Multithreading enabled for synth_design using a maximum of 2 processes.
INFO: [Synth 8-7078] Launching helper process for spawning children vivado processes
INFO: [Synth 8-7075] Helper process launched with PID 9052
---------------------------------------------------------------------------------
Starting RTL Elaboration : Time (s): cpu = 00:00:04 ; elapsed = 00:00:11 . Memory (MB): peak = 2008.477 ; gain = 385.258
---------------------------------------------------------------------------------
INFO: [Synth 8-6157] synthesizing module 'zynq_bd_auto_us_2' [c:/Dev/apollo_sm_vivado/apollo_sm_xu8/apollo_sm_xu8.gen/sources_1/bd/zynq_bd/ip/zynq_bd_auto_us_2/synth/zynq_bd_auto_us_2.v:53]
INFO: [Synth 8-6157] synthesizing module 'axi_dwidth_converter_v2_1_29_top' [c:/Dev/apollo_sm_vivado/apollo_sm_xu8/apollo_sm_xu8.gen/sources_1/bd/zynq_bd/ipshared/670d/hdl/axi_dwidth_converter_v2_1_vlsyn_rfs.v:14446]
INFO: [Synth 8-6157] synthesizing module 'axi_dwidth_converter_v2_1_29_axi_upsizer' [c:/Dev/apollo_sm_vivado/apollo_sm_xu8/apollo_sm_xu8.gen/sources_1/bd/zynq_bd/ipshared/670d/hdl/axi_dwidth_converter_v2_1_vlsyn_rfs.v:7025]
INFO: [Synth 8-6157] synthesizing module 'axi_dwidth_converter_v2_1_29_w_upsizer' [c:/Dev/apollo_sm_vivado/apollo_sm_xu8/apollo_sm_xu8.gen/sources_1/bd/zynq_bd/ipshared/670d/hdl/axi_dwidth_converter_v2_1_vlsyn_rfs.v:5552]
INFO: [Synth 8-6155] done synthesizing module 'axi_dwidth_converter_v2_1_29_w_upsizer' (0#1) [c:/Dev/apollo_sm_vivado/apollo_sm_xu8/apollo_sm_xu8.gen/sources_1/bd/zynq_bd/ipshared/670d/hdl/axi_dwidth_converter_v2_1_vlsyn_rfs.v:5552]
INFO: [Synth 8-6157] synthesizing module 'axi_dwidth_converter_v2_1_29_a_upsizer' [c:/Dev/apollo_sm_vivado/apollo_sm_xu8/apollo_sm_xu8.gen/sources_1/bd/zynq_bd/ipshared/670d/hdl/axi_dwidth_converter_v2_1_vlsyn_rfs.v:3594]
INFO: [Synth 8-6157] synthesizing module 'generic_baseblocks_v2_1_1_command_fifo' [c:/Dev/apollo_sm_vivado/apollo_sm_xu8/apollo_sm_xu8.gen/sources_1/bd/zynq_bd/ipshared/10ab/hdl/generic_baseblocks_v2_1_vl_rfs.v:648]
INFO: [Synth 8-6155] done synthesizing module 'generic_baseblocks_v2_1_1_command_fifo' (0#1) [c:/Dev/apollo_sm_vivado/apollo_sm_xu8/apollo_sm_xu8.gen/sources_1/bd/zynq_bd/ipshared/10ab/hdl/generic_baseblocks_v2_1_vl_rfs.v:648]
INFO: [Synth 8-6155] done synthesizing module 'axi_dwidth_converter_v2_1_29_a_upsizer' (0#1) [c:/Dev/apollo_sm_vivado/apollo_sm_xu8/apollo_sm_xu8.gen/sources_1/bd/zynq_bd/ipshared/670d/hdl/axi_dwidth_converter_v2_1_vlsyn_rfs.v:3594]
INFO: [Synth 8-6157] synthesizing module 'axi_register_slice_v2_1_29_axi_register_slice' [c:/Dev/apollo_sm_vivado/apollo_sm_xu8/apollo_sm_xu8.gen/sources_1/bd/zynq_bd/ipshared/ff9f/hdl/axi_register_slice_v2_1_vl_rfs.v:3718]
INFO: [Synth 8-6157] synthesizing module 'axi_infrastructure_v1_1_0_axi2vector' [c:/Dev/apollo_sm_vivado/apollo_sm_xu8/apollo_sm_xu8.gen/sources_1/bd/zynq_bd/ipshared/ec67/hdl/axi_infrastructure_v1_1_vl_rfs.v:59]
INFO: [Synth 8-6155] done synthesizing module 'axi_infrastructure_v1_1_0_axi2vector' (0#1) [c:/Dev/apollo_sm_vivado/apollo_sm_xu8/apollo_sm_xu8.gen/sources_1/bd/zynq_bd/ipshared/ec67/hdl/axi_infrastructure_v1_1_vl_rfs.v:59]
INFO: [Synth 8-6157] synthesizing module 'axi_infrastructure_v1_1_0_vector2axi' [c:/Dev/apollo_sm_vivado/apollo_sm_xu8/apollo_sm_xu8.gen/sources_1/bd/zynq_bd/ipshared/ec67/hdl/axi_infrastructure_v1_1_vl_rfs.v:473]
INFO: [Synth 8-6155] done synthesizing module 'axi_infrastructure_v1_1_0_vector2axi' (0#1) [c:/Dev/apollo_sm_vivado/apollo_sm_xu8/apollo_sm_xu8.gen/sources_1/bd/zynq_bd/ipshared/ec67/hdl/axi_infrastructure_v1_1_vl_rfs.v:473]
INFO: [Synth 8-6157] synthesizing module 'axi_register_slice_v2_1_29_axic_register_slice' [c:/Dev/apollo_sm_vivado/apollo_sm_xu8/apollo_sm_xu8.gen/sources_1/bd/zynq_bd/ipshared/ff9f/hdl/axi_register_slice_v2_1_vl_rfs.v:1492]
INFO: [Synth 8-6155] done synthesizing module 'axi_register_slice_v2_1_29_axic_register_slice' (0#1) [c:/Dev/apollo_sm_vivado/apollo_sm_xu8/apollo_sm_xu8.gen/sources_1/bd/zynq_bd/ipshared/ff9f/hdl/axi_register_slice_v2_1_vl_rfs.v:1492]
INFO: [Synth 8-6157] synthesizing module 'axi_register_slice_v2_1_29_axic_register_slice__parameterized0' [c:/Dev/apollo_sm_vivado/apollo_sm_xu8/apollo_sm_xu8.gen/sources_1/bd/zynq_bd/ipshared/ff9f/hdl/axi_register_slice_v2_1_vl_rfs.v:1492]
INFO: [Synth 8-6155] done synthesizing module 'axi_register_slice_v2_1_29_axic_register_slice__parameterized0' (0#1) [c:/Dev/apollo_sm_vivado/apollo_sm_xu8/apollo_sm_xu8.gen/sources_1/bd/zynq_bd/ipshared/ff9f/hdl/axi_register_slice_v2_1_vl_rfs.v:1492]
INFO: [Synth 8-6157] synthesizing module 'axi_register_slice_v2_1_29_axic_register_slice__parameterized1' [c:/Dev/apollo_sm_vivado/apollo_sm_xu8/apollo_sm_xu8.gen/sources_1/bd/zynq_bd/ipshared/ff9f/hdl/axi_register_slice_v2_1_vl_rfs.v:1492]
INFO: [Synth 8-6155] done synthesizing module 'axi_register_slice_v2_1_29_axic_register_slice__parameterized1' (0#1) [c:/Dev/apollo_sm_vivado/apollo_sm_xu8/apollo_sm_xu8.gen/sources_1/bd/zynq_bd/ipshared/ff9f/hdl/axi_register_slice_v2_1_vl_rfs.v:1492]
INFO: [Synth 8-6157] synthesizing module 'axi_register_slice_v2_1_29_axic_register_slice__parameterized2' [c:/Dev/apollo_sm_vivado/apollo_sm_xu8/apollo_sm_xu8.gen/sources_1/bd/zynq_bd/ipshared/ff9f/hdl/axi_register_slice_v2_1_vl_rfs.v:1492]
INFO: [Synth 8-6155] done synthesizing module 'axi_register_slice_v2_1_29_axic_register_slice__parameterized2' (0#1) [c:/Dev/apollo_sm_vivado/apollo_sm_xu8/apollo_sm_xu8.gen/sources_1/bd/zynq_bd/ipshared/ff9f/hdl/axi_register_slice_v2_1_vl_rfs.v:1492]
INFO: [Synth 8-6157] synthesizing module 'axi_register_slice_v2_1_29_axic_register_slice__parameterized3' [c:/Dev/apollo_sm_vivado/apollo_sm_xu8/apollo_sm_xu8.gen/sources_1/bd/zynq_bd/ipshared/ff9f/hdl/axi_register_slice_v2_1_vl_rfs.v:1492]
INFO: [Synth 8-6155] done synthesizing module 'axi_register_slice_v2_1_29_axic_register_slice__parameterized3' (0#1) [c:/Dev/apollo_sm_vivado/apollo_sm_xu8/apollo_sm_xu8.gen/sources_1/bd/zynq_bd/ipshared/ff9f/hdl/axi_register_slice_v2_1_vl_rfs.v:1492]
INFO: [Synth 8-6155] done synthesizing module 'axi_register_slice_v2_1_29_axi_register_slice' (0#1) [c:/Dev/apollo_sm_vivado/apollo_sm_xu8/apollo_sm_xu8.gen/sources_1/bd/zynq_bd/ipshared/ff9f/hdl/axi_register_slice_v2_1_vl_rfs.v:3718]
WARNING: [Synth 8-7071] port 'aclk2x' of module 'axi_register_slice_v2_1_29_axi_register_slice' is unconnected for instance 'si_register_slice_inst' [c:/Dev/apollo_sm_vivado/apollo_sm_xu8/apollo_sm_xu8.gen/sources_1/bd/zynq_bd/ipshared/670d/hdl/axi_dwidth_converter_v2_1_vlsyn_rfs.v:7367]
WARNING: [Synth 8-7023] instance 'si_register_slice_inst' of module 'axi_register_slice_v2_1_29_axi_register_slice' has 93 connections declared, but only 92 given [c:/Dev/apollo_sm_vivado/apollo_sm_xu8/apollo_sm_xu8.gen/sources_1/bd/zynq_bd/ipshared/670d/hdl/axi_dwidth_converter_v2_1_vlsyn_rfs.v:7367]
INFO: [Synth 8-6155] done synthesizing module 'axi_dwidth_converter_v2_1_29_axi_upsizer' (0#1) [c:/Dev/apollo_sm_vivado/apollo_sm_xu8/apollo_sm_xu8.gen/sources_1/bd/zynq_bd/ipshared/670d/hdl/axi_dwidth_converter_v2_1_vlsyn_rfs.v:7025]
INFO: [Synth 8-6155] done synthesizing module 'axi_dwidth_converter_v2_1_29_top' (0#1) [c:/Dev/apollo_sm_vivado/apollo_sm_xu8/apollo_sm_xu8.gen/sources_1/bd/zynq_bd/ipshared/670d/hdl/axi_dwidth_converter_v2_1_vlsyn_rfs.v:14446]
INFO: [Synth 8-6155] done synthesizing module 'zynq_bd_auto_us_2' (0#1) [c:/Dev/apollo_sm_vivado/apollo_sm_xu8/apollo_sm_xu8.gen/sources_1/bd/zynq_bd/ip/zynq_bd_auto_us_2/synth/zynq_bd_auto_us_2.v:53]
WARNING: [Synth 8-3301] Unused top level parameter/generic GLOBAL_DATE
WARNING: [Synth 8-3301] Unused top level parameter/generic GLOBAL_TIME
WARNING: [Synth 8-3301] Unused top level parameter/generic GLOBAL_VER
WARNING: [Synth 8-3301] Unused top level parameter/generic GLOBAL_SHA
WARNING: [Synth 8-3301] Unused top level parameter/generic TOP_SHA
WARNING: [Synth 8-3301] Unused top level parameter/generic TOP_VER
WARNING: [Synth 8-3301] Unused top level parameter/generic HOG_SHA
WARNING: [Synth 8-3301] Unused top level parameter/generic HOG_VER
WARNING: [Synth 8-3301] Unused top level parameter/generic CON_VER
WARNING: [Synth 8-3301] Unused top level parameter/generic CON_SHA
WARNING: [Synth 8-3301] Unused top level parameter/generic XML_VER
WARNING: [Synth 8-3301] Unused top level parameter/generic XML_SHA
WARNING: [Synth 8-3301] Unused top level parameter/generic XIL_DEFAULTLIB_VER
WARNING: [Synth 8-3301] Unused top level parameter/generic XIL_DEFAULTLIB_SHA
WARNING: [Synth 8-3848] Net m_axi_rready in module/entity axi_dwidth_converter_v2_1_29_axi_upsizer does not have driver. [c:/Dev/apollo_sm_vivado/apollo_sm_xu8/apollo_sm_xu8.gen/sources_1/bd/zynq_bd/ipshared/670d/hdl/axi_dwidth_converter_v2_1_vlsyn_rfs.v:7164]
WARNING: [Synth 8-7129] Port ACLK in module axi_register_slice_v2_1_29_axic_register_slice__parameterized2 is either unconnected or has no load
WARNING: [Synth 8-7129] Port ARESET in module axi_register_slice_v2_1_29_axic_register_slice__parameterized2 is either unconnected or has no load
WARNING: [Synth 8-7129] Port m_axi_buser[0] in module axi_infrastructure_v1_1_0_vector2axi is either unconnected or has no load
WARNING: [Synth 8-7129] Port m_axi_ruser[0] in module axi_infrastructure_v1_1_0_vector2axi is either unconnected or has no load
WARNING: [Synth 8-7129] Port s_axi_awuser[0] in module axi_infrastructure_v1_1_0_axi2vector is either unconnected or has no load
WARNING: [Synth 8-7129] Port s_axi_wid[0] in module axi_infrastructure_v1_1_0_axi2vector is either unconnected or has no load
WARNING: [Synth 8-7129] Port s_axi_wuser[0] in module axi_infrastructure_v1_1_0_axi2vector is either unconnected or has no load
WARNING: [Synth 8-7129] Port s_axi_aruser[0] in module axi_infrastructure_v1_1_0_axi2vector is either unconnected or has no load
WARNING: [Synth 8-7129] Port aclk2x in module axi_register_slice_v2_1_29_axi_register_slice is either unconnected or has no load
WARNING: [Synth 8-7129] Port cmd_id_ready in module axi_dwidth_converter_v2_1_29_a_upsizer is either unconnected or has no load
WARNING: [Synth 8-7129] Port S_AXI_AID[0] in module axi_dwidth_converter_v2_1_29_a_upsizer is either unconnected or has no load
WARNING: [Synth 8-7129] Port m_axi_rready in module axi_dwidth_converter_v2_1_29_axi_upsizer is either unconnected or has no load
WARNING: [Synth 8-7129] Port s_axi_awlock[1] in module axi_dwidth_converter_v2_1_29_axi_upsizer is either unconnected or has no load
WARNING: [Synth 8-7129] Port s_axi_arlock[1] in module axi_dwidth_converter_v2_1_29_axi_upsizer is either unconnected or has no load
WARNING: [Synth 8-7129] Port s_axi_rready in module axi_dwidth_converter_v2_1_29_axi_upsizer is either unconnected or has no load
WARNING: [Synth 8-7129] Port m_axi_aresetn in module axi_dwidth_converter_v2_1_29_axi_upsizer is either unconnected or has no load
WARNING: [Synth 8-7129] Port m_axi_aclk in module axi_dwidth_converter_v2_1_29_axi_upsizer is either unconnected or has no load
WARNING: [Synth 8-7129] Port m_axi_arready in module axi_dwidth_converter_v2_1_29_axi_upsizer is either unconnected or has no load
WARNING: [Synth 8-7129] Port m_axi_rdata[127] in module axi_dwidth_converter_v2_1_29_axi_upsizer is either unconnected or has no load
WARNING: [Synth 8-7129] Port m_axi_rdata[126] in module axi_dwidth_converter_v2_1_29_axi_upsizer is either unconnected or has no load
WARNING: [Synth 8-7129] Port m_axi_rdata[125] in module axi_dwidth_converter_v2_1_29_axi_upsizer is either unconnected or has no load
WARNING: [Synth 8-7129] Port m_axi_rdata[124] in module axi_dwidth_converter_v2_1_29_axi_upsizer is either unconnected or has no load
WARNING: [Synth 8-7129] Port m_axi_rdata[123] in module axi_dwidth_converter_v2_1_29_axi_upsizer is either unconnected or has no load
WARNING: [Synth 8-7129] Port m_axi_rdata[122] in module axi_dwidth_converter_v2_1_29_axi_upsizer is either unconnected or has no load
WARNING: [Synth 8-7129] Port m_axi_rdata[121] in module axi_dwidth_converter_v2_1_29_axi_upsizer is either unconnected or has no load
WARNING: [Synth 8-7129] Port m_axi_rdata[120] in module axi_dwidth_converter_v2_1_29_axi_upsizer is either unconnected or has no load
WARNING: [Synth 8-7129] Port m_axi_rdata[119] in module axi_dwidth_converter_v2_1_29_axi_upsizer is either unconnected or has no load
WARNING: [Synth 8-7129] Port m_axi_rdata[118] in module axi_dwidth_converter_v2_1_29_axi_upsizer is either unconnected or has no load
WARNING: [Synth 8-7129] Port m_axi_rdata[117] in module axi_dwidth_converter_v2_1_29_axi_upsizer is either unconnected or has no load
WARNING: [Synth 8-7129] Port m_axi_rdata[116] in module axi_dwidth_converter_v2_1_29_axi_upsizer is either unconnected or has no load
WARNING: [Synth 8-7129] Port m_axi_rdata[115] in module axi_dwidth_converter_v2_1_29_axi_upsizer is either unconnected or has no load
WARNING: [Synth 8-7129] Port m_axi_rdata[114] in module axi_dwidth_converter_v2_1_29_axi_upsizer is either unconnected or has no load
WARNING: [Synth 8-7129] Port m_axi_rdata[113] in module axi_dwidth_converter_v2_1_29_axi_upsizer is either unconnected or has no load
WARNING: [Synth 8-7129] Port m_axi_rdata[112] in module axi_dwidth_converter_v2_1_29_axi_upsizer is either unconnected or has no load
WARNING: [Synth 8-7129] Port m_axi_rdata[111] in module axi_dwidth_converter_v2_1_29_axi_upsizer is either unconnected or has no load
WARNING: [Synth 8-7129] Port m_axi_rdata[110] in module axi_dwidth_converter_v2_1_29_axi_upsizer is either unconnected or has no load
WARNING: [Synth 8-7129] Port m_axi_rdata[109] in module axi_dwidth_converter_v2_1_29_axi_upsizer is either unconnected or has no load
WARNING: [Synth 8-7129] Port m_axi_rdata[108] in module axi_dwidth_converter_v2_1_29_axi_upsizer is either unconnected or has no load
WARNING: [Synth 8-7129] Port m_axi_rdata[107] in module axi_dwidth_converter_v2_1_29_axi_upsizer is either unconnected or has no load
WARNING: [Synth 8-7129] Port m_axi_rdata[106] in module axi_dwidth_converter_v2_1_29_axi_upsizer is either unconnected or has no load
WARNING: [Synth 8-7129] Port m_axi_rdata[105] in module axi_dwidth_converter_v2_1_29_axi_upsizer is either unconnected or has no load
WARNING: [Synth 8-7129] Port m_axi_rdata[104] in module axi_dwidth_converter_v2_1_29_axi_upsizer is either unconnected or has no load
WARNING: [Synth 8-7129] Port m_axi_rdata[103] in module axi_dwidth_converter_v2_1_29_axi_upsizer is either unconnected or has no load
WARNING: [Synth 8-7129] Port m_axi_rdata[102] in module axi_dwidth_converter_v2_1_29_axi_upsizer is either unconnected or has no load
WARNING: [Synth 8-7129] Port m_axi_rdata[101] in module axi_dwidth_converter_v2_1_29_axi_upsizer is either unconnected or has no load
WARNING: [Synth 8-7129] Port m_axi_rdata[100] in module axi_dwidth_converter_v2_1_29_axi_upsizer is either unconnected or has no load
WARNING: [Synth 8-7129] Port m_axi_rdata[99] in module axi_dwidth_converter_v2_1_29_axi_upsizer is either unconnected or has no load
WARNING: [Synth 8-7129] Port m_axi_rdata[98] in module axi_dwidth_converter_v2_1_29_axi_upsizer is either unconnected or has no load
WARNING: [Synth 8-7129] Port m_axi_rdata[97] in module axi_dwidth_converter_v2_1_29_axi_upsizer is either unconnected or has no load
WARNING: [Synth 8-7129] Port m_axi_rdata[96] in module axi_dwidth_converter_v2_1_29_axi_upsizer is either unconnected or has no load
WARNING: [Synth 8-7129] Port m_axi_rdata[95] in module axi_dwidth_converter_v2_1_29_axi_upsizer is either unconnected or has no load
WARNING: [Synth 8-7129] Port m_axi_rdata[94] in module axi_dwidth_converter_v2_1_29_axi_upsizer is either unconnected or has no load
WARNING: [Synth 8-7129] Port m_axi_rdata[93] in module axi_dwidth_converter_v2_1_29_axi_upsizer is either unconnected or has no load
WARNING: [Synth 8-7129] Port m_axi_rdata[92] in module axi_dwidth_converter_v2_1_29_axi_upsizer is either unconnected or has no load
WARNING: [Synth 8-7129] Port m_axi_rdata[91] in module axi_dwidth_converter_v2_1_29_axi_upsizer is either unconnected or has no load
WARNING: [Synth 8-7129] Port m_axi_rdata[90] in module axi_dwidth_converter_v2_1_29_axi_upsizer is either unconnected or has no load
WARNING: [Synth 8-7129] Port m_axi_rdata[89] in module axi_dwidth_converter_v2_1_29_axi_upsizer is either unconnected or has no load
WARNING: [Synth 8-7129] Port m_axi_rdata[88] in module axi_dwidth_converter_v2_1_29_axi_upsizer is either unconnected or has no load
WARNING: [Synth 8-7129] Port m_axi_rdata[87] in module axi_dwidth_converter_v2_1_29_axi_upsizer is either unconnected or has no load
WARNING: [Synth 8-7129] Port m_axi_rdata[86] in module axi_dwidth_converter_v2_1_29_axi_upsizer is either unconnected or has no load
WARNING: [Synth 8-7129] Port m_axi_rdata[85] in module axi_dwidth_converter_v2_1_29_axi_upsizer is either unconnected or has no load
WARNING: [Synth 8-7129] Port m_axi_rdata[84] in module axi_dwidth_converter_v2_1_29_axi_upsizer is either unconnected or has no load
WARNING: [Synth 8-7129] Port m_axi_rdata[83] in module axi_dwidth_converter_v2_1_29_axi_upsizer is either unconnected or has no load
WARNING: [Synth 8-7129] Port m_axi_rdata[82] in module axi_dwidth_converter_v2_1_29_axi_upsizer is either unconnected or has no load
WARNING: [Synth 8-7129] Port m_axi_rdata[81] in module axi_dwidth_converter_v2_1_29_axi_upsizer is either unconnected or has no load
WARNING: [Synth 8-7129] Port m_axi_rdata[80] in module axi_dwidth_converter_v2_1_29_axi_upsizer is either unconnected or has no load
WARNING: [Synth 8-7129] Port m_axi_rdata[79] in module axi_dwidth_converter_v2_1_29_axi_upsizer is either unconnected or has no load
WARNING: [Synth 8-7129] Port m_axi_rdata[78] in module axi_dwidth_converter_v2_1_29_axi_upsizer is either unconnected or has no load
WARNING: [Synth 8-7129] Port m_axi_rdata[77] in module axi_dwidth_converter_v2_1_29_axi_upsizer is either unconnected or has no load
WARNING: [Synth 8-7129] Port m_axi_rdata[76] in module axi_dwidth_converter_v2_1_29_axi_upsizer is either unconnected or has no load
WARNING: [Synth 8-7129] Port m_axi_rdata[75] in module axi_dwidth_converter_v2_1_29_axi_upsizer is either unconnected or has no load
WARNING: [Synth 8-7129] Port m_axi_rdata[74] in module axi_dwidth_converter_v2_1_29_axi_upsizer is either unconnected or has no load
WARNING: [Synth 8-7129] Port m_axi_rdata[73] in module axi_dwidth_converter_v2_1_29_axi_upsizer is either unconnected or has no load
WARNING: [Synth 8-7129] Port m_axi_rdata[72] in module axi_dwidth_converter_v2_1_29_axi_upsizer is either unconnected or has no load
WARNING: [Synth 8-7129] Port m_axi_rdata[71] in module axi_dwidth_converter_v2_1_29_axi_upsizer is either unconnected or has no load
WARNING: [Synth 8-7129] Port m_axi_rdata[70] in module axi_dwidth_converter_v2_1_29_axi_upsizer is either unconnected or has no load
WARNING: [Synth 8-7129] Port m_axi_rdata[69] in module axi_dwidth_converter_v2_1_29_axi_upsizer is either unconnected or has no load
WARNING: [Synth 8-7129] Port m_axi_rdata[68] in module axi_dwidth_converter_v2_1_29_axi_upsizer is either unconnected or has no load
WARNING: [Synth 8-7129] Port m_axi_rdata[67] in module axi_dwidth_converter_v2_1_29_axi_upsizer is either unconnected or has no load
WARNING: [Synth 8-7129] Port m_axi_rdata[66] in module axi_dwidth_converter_v2_1_29_axi_upsizer is either unconnected or has no load
WARNING: [Synth 8-7129] Port m_axi_rdata[65] in module axi_dwidth_converter_v2_1_29_axi_upsizer is either unconnected or has no load
WARNING: [Synth 8-7129] Port m_axi_rdata[64] in module axi_dwidth_converter_v2_1_29_axi_upsizer is either unconnected or has no load
WARNING: [Synth 8-7129] Port m_axi_rdata[63] in module axi_dwidth_converter_v2_1_29_axi_upsizer is either unconnected or has no load
WARNING: [Synth 8-7129] Port m_axi_rdata[62] in module axi_dwidth_converter_v2_1_29_axi_upsizer is either unconnected or has no load
WARNING: [Synth 8-7129] Port m_axi_rdata[61] in module axi_dwidth_converter_v2_1_29_axi_upsizer is either unconnected or has no load
WARNING: [Synth 8-7129] Port m_axi_rdata[60] in module axi_dwidth_converter_v2_1_29_axi_upsizer is either unconnected or has no load
WARNING: [Synth 8-7129] Port m_axi_rdata[59] in module axi_dwidth_converter_v2_1_29_axi_upsizer is either unconnected or has no load
WARNING: [Synth 8-7129] Port m_axi_rdata[58] in module axi_dwidth_converter_v2_1_29_axi_upsizer is either unconnected or has no load
WARNING: [Synth 8-7129] Port m_axi_rdata[57] in module axi_dwidth_converter_v2_1_29_axi_upsizer is either unconnected or has no load
WARNING: [Synth 8-7129] Port m_axi_rdata[56] in module axi_dwidth_converter_v2_1_29_axi_upsizer is either unconnected or has no load
WARNING: [Synth 8-7129] Port m_axi_rdata[55] in module axi_dwidth_converter_v2_1_29_axi_upsizer is either unconnected or has no load
WARNING: [Synth 8-7129] Port m_axi_rdata[54] in module axi_dwidth_converter_v2_1_29_axi_upsizer is either unconnected or has no load
WARNING: [Synth 8-7129] Port m_axi_rdata[53] in module axi_dwidth_converter_v2_1_29_axi_upsizer is either unconnected or has no load
WARNING: [Synth 8-7129] Port m_axi_rdata[52] in module axi_dwidth_converter_v2_1_29_axi_upsizer is either unconnected or has no load
WARNING: [Synth 8-7129] Port m_axi_rdata[51] in module axi_dwidth_converter_v2_1_29_axi_upsizer is either unconnected or has no load
WARNING: [Synth 8-7129] Port m_axi_rdata[50] in module axi_dwidth_converter_v2_1_29_axi_upsizer is either unconnected or has no load
WARNING: [Synth 8-7129] Port m_axi_rdata[49] in module axi_dwidth_converter_v2_1_29_axi_upsizer is either unconnected or has no load
WARNING: [Synth 8-7129] Port m_axi_rdata[48] in module axi_dwidth_converter_v2_1_29_axi_upsizer is either unconnected or has no load
WARNING: [Synth 8-7129] Port m_axi_rdata[47] in module axi_dwidth_converter_v2_1_29_axi_upsizer is either unconnected or has no load
WARNING: [Synth 8-7129] Port m_axi_rdata[46] in module axi_dwidth_converter_v2_1_29_axi_upsizer is either unconnected or has no load
INFO: [Common 17-14] Message 'Synth 8-7129' appears 100 times and further instances of the messages will be disabled. Use the Tcl command set_msg_config to change the current settings.
---------------------------------------------------------------------------------
Finished RTL Elaboration : Time (s): cpu = 00:00:08 ; elapsed = 00:00:22 . Memory (MB): peak = 2271.336 ; gain = 648.117
---------------------------------------------------------------------------------
---------------------------------------------------------------------------------
Start Handling Custom Attributes
---------------------------------------------------------------------------------
---------------------------------------------------------------------------------
Finished Handling Custom Attributes : Time (s): cpu = 00:00:08 ; elapsed = 00:00:22 . Memory (MB): peak = 2271.336 ; gain = 648.117
---------------------------------------------------------------------------------
---------------------------------------------------------------------------------
Finished RTL Optimization Phase 1 : Time (s): cpu = 00:00:08 ; elapsed = 00:00:22 . Memory (MB): peak = 2271.336 ; gain = 648.117
---------------------------------------------------------------------------------
Netlist sorting complete. Time (s): cpu = 00:00:00 ; elapsed = 00:00:00.068 . Memory (MB): peak = 2271.336 ; gain = 0.000
INFO: [Project 1-570] Preparing netlist for logic optimization

Processing XDC Constraints
Initializing timing engine
Parsing XDC File [c:/Dev/apollo_sm_vivado/apollo_sm_xu8/apollo_sm_xu8.gen/sources_1/bd/zynq_bd/ip/zynq_bd_auto_us_2/zynq_bd_auto_us_2_ooc.xdc] for cell 'inst'
create_clock: Time (s): cpu = 00:00:01 ; elapsed = 00:00:06 . Memory (MB): peak = 2379.184 ; gain = 0.047
Finished Parsing XDC File [c:/Dev/apollo_sm_vivado/apollo_sm_xu8/apollo_sm_xu8.gen/sources_1/bd/zynq_bd/ip/zynq_bd_auto_us_2/zynq_bd_auto_us_2_ooc.xdc] for cell 'inst'
Parsing XDC File [C:/Dev/apollo_sm_vivado/apollo_sm_xu8/apollo_sm_xu8.runs/zynq_bd_auto_us_2_synth_1/dont_touch.xdc]
Finished Parsing XDC File [C:/Dev/apollo_sm_vivado/apollo_sm_xu8/apollo_sm_xu8.runs/zynq_bd_auto_us_2_synth_1/dont_touch.xdc]
Completed Processing XDC Constraints

Netlist sorting complete. Time (s): cpu = 00:00:00 ; elapsed = 00:00:00.002 . Memory (MB): peak = 2379.184 ; gain = 0.000
INFO: [Project 1-111] Unisim Transformation Summary:
No Unisim elements were transformed.

The system cannot find the path specified.
Constraint Validation Runtime : Time (s): cpu = 00:00:00 ; elapsed = 00:00:01 . Memory (MB): peak = 2379.184 ; gain = 0.000
INFO: [Designutils 20-5008] Incremental synthesis strategy off
---------------------------------------------------------------------------------
Finished Constraint Validation : Time (s): cpu = 00:00:11 ; elapsed = 00:01:16 . Memory (MB): peak = 2379.184 ; gain = 755.965
---------------------------------------------------------------------------------
---------------------------------------------------------------------------------
Start Loading Part and Timing Information
---------------------------------------------------------------------------------
Loading part: xczu7ev-fbvb900-2-i
INFO: [Synth 8-6742] Reading net delay rules and data
---------------------------------------------------------------------------------
Finished Loading Part and Timing Information : Time (s): cpu = 00:00:11 ; elapsed = 00:01:16 . Memory (MB): peak = 2379.184 ; gain = 755.965
---------------------------------------------------------------------------------
---------------------------------------------------------------------------------
Start Applying 'set_property' XDC Constraints
---------------------------------------------------------------------------------
Applied set_property KEEP_HIERARCHY = SOFT for inst. (constraint file  C:/Dev/apollo_sm_vivado/apollo_sm_xu8/apollo_sm_xu8.runs/zynq_bd_auto_us_2_synth_1/dont_touch.xdc, line 9).
---------------------------------------------------------------------------------
Finished applying 'set_property' XDC Constraints : Time (s): cpu = 00:00:11 ; elapsed = 00:01:16 . Memory (MB): peak = 2379.184 ; gain = 755.965
---------------------------------------------------------------------------------
---------------------------------------------------------------------------------
Finished RTL Optimization Phase 2 : Time (s): cpu = 00:00:11 ; elapsed = 00:01:17 . Memory (MB): peak = 2379.184 ; gain = 755.965
---------------------------------------------------------------------------------
---------------------------------------------------------------------------------
Start RTL Component Statistics 
---------------------------------------------------------------------------------
Detailed RTL Component Info : 
+---Adders : 
	   2 Input    8 Bit       Adders := 2     
	   2 Input    7 Bit       Adders := 1     
	   2 Input    5 Bit       Adders := 2     
	   2 Input    4 Bit       Adders := 2     
+---Registers : 
	               94 Bit    Registers := 1     
	               73 Bit    Registers := 2     
	               68 Bit    Registers := 2     
	               36 Bit    Registers := 1     
	                8 Bit    Registers := 33    
	                5 Bit    Registers := 1     
	                4 Bit    Registers := 2     
	                3 Bit    Registers := 1     
	                2 Bit    Registers := 4     
	                1 Bit    Registers := 49    
+---Muxes : 
	   2 Input   73 Bit        Muxes := 2     
	   2 Input   68 Bit        Muxes := 2     
	   2 Input   64 Bit        Muxes := 3     
	   2 Input    8 Bit        Muxes := 35    
	   8 Input    8 Bit        Muxes := 1     
	   2 Input    4 Bit        Muxes := 5     
	   8 Input    4 Bit        Muxes := 2     
	   2 Input    3 Bit        Muxes := 1     
	   2 Input    2 Bit        Muxes := 3     
	   2 Input    1 Bit        Muxes := 88    
---------------------------------------------------------------------------------
Finished RTL Component Statistics 
---------------------------------------------------------------------------------
---------------------------------------------------------------------------------
Start Part Resource Summary
---------------------------------------------------------------------------------
Part Resources:
DSPs: 1728 (col length:144)
BRAMs: 624 (col length: RAMB18 144 RAMB36 72)
---------------------------------------------------------------------------------
Finished Part Resource Summary
---------------------------------------------------------------------------------
---------------------------------------------------------------------------------
Start Cross Boundary and Area Optimization
---------------------------------------------------------------------------------
WARNING: [Synth 8-7080] Parallel synthesis criteria is not met
---------------------------------------------------------------------------------
Finished Cross Boundary and Area Optimization : Time (s): cpu = 00:00:12 ; elapsed = 00:01:22 . Memory (MB): peak = 2379.184 ; gain = 755.965
---------------------------------------------------------------------------------
---------------------------------------------------------------------------------
Start Applying XDC Timing Constraints
---------------------------------------------------------------------------------
---------------------------------------------------------------------------------
Finished Applying XDC Timing Constraints : Time (s): cpu = 00:00:17 ; elapsed = 00:01:43 . Memory (MB): peak = 2708.008 ; gain = 1084.789
---------------------------------------------------------------------------------
---------------------------------------------------------------------------------
Start Timing Optimization
---------------------------------------------------------------------------------
---------------------------------------------------------------------------------
Finished Timing Optimization : Time (s): cpu = 00:00:18 ; elapsed = 00:01:46 . Memory (MB): peak = 2785.230 ; gain = 1162.012
---------------------------------------------------------------------------------
---------------------------------------------------------------------------------
Start Technology Mapping
---------------------------------------------------------------------------------
---------------------------------------------------------------------------------
Finished Technology Mapping : Time (s): cpu = 00:00:18 ; elapsed = 00:01:47 . Memory (MB): peak = 2786.258 ; gain = 1163.039
---------------------------------------------------------------------------------
---------------------------------------------------------------------------------
Start IO Insertion
---------------------------------------------------------------------------------
---------------------------------------------------------------------------------
Start Flattening Before IO Insertion
---------------------------------------------------------------------------------
---------------------------------------------------------------------------------
Finished Flattening Before IO Insertion
---------------------------------------------------------------------------------
---------------------------------------------------------------------------------
Start Final Netlist Cleanup
---------------------------------------------------------------------------------
---------------------------------------------------------------------------------
Finished Final Netlist Cleanup
---------------------------------------------------------------------------------
---------------------------------------------------------------------------------
Finished IO Insertion : Time (s): cpu = 00:00:20 ; elapsed = 00:01:55 . Memory (MB): peak = 2786.258 ; gain = 1163.039
---------------------------------------------------------------------------------
---------------------------------------------------------------------------------
Start Renaming Generated Instances
---------------------------------------------------------------------------------
---------------------------------------------------------------------------------
Finished Renaming Generated Instances : Time (s): cpu = 00:00:20 ; elapsed = 00:01:55 . Memory (MB): peak = 2786.258 ; gain = 1163.039
---------------------------------------------------------------------------------
---------------------------------------------------------------------------------
Start Rebuilding User Hierarchy
---------------------------------------------------------------------------------
---------------------------------------------------------------------------------
Finished Rebuilding User Hierarchy : Time (s): cpu = 00:00:20 ; elapsed = 00:01:55 . Memory (MB): peak = 2786.258 ; gain = 1163.039
---------------------------------------------------------------------------------
---------------------------------------------------------------------------------
Start Renaming Generated Ports
---------------------------------------------------------------------------------
---------------------------------------------------------------------------------
Finished Renaming Generated Ports : Time (s): cpu = 00:00:20 ; elapsed = 00:01:55 . Memory (MB): peak = 2786.258 ; gain = 1163.039
---------------------------------------------------------------------------------
---------------------------------------------------------------------------------
Start Handling Custom Attributes
---------------------------------------------------------------------------------
---------------------------------------------------------------------------------
Finished Handling Custom Attributes : Time (s): cpu = 00:00:20 ; elapsed = 00:01:55 . Memory (MB): peak = 2786.258 ; gain = 1163.039
---------------------------------------------------------------------------------
---------------------------------------------------------------------------------
Start Renaming Generated Nets
---------------------------------------------------------------------------------
---------------------------------------------------------------------------------
Finished Renaming Generated Nets : Time (s): cpu = 00:00:20 ; elapsed = 00:01:55 . Memory (MB): peak = 2786.258 ; gain = 1163.039
---------------------------------------------------------------------------------
---------------------------------------------------------------------------------
Start ROM, RAM, DSP, Shift Register and Retiming Reporting
---------------------------------------------------------------------------------

Dynamic Shift Register Report:
+------------+-------------------------------+--------+------------+--------+---------+--------+--------+--------+
|Module Name | RTL Name                      | Length | Data Width | SRL16E | SRLC32E | Mux F7 | Mux F8 | Mux F9 | 
+------------+-------------------------------+--------+------------+--------+---------+--------+--------+--------+
|dsrl        | USE_RTL_FIFO.data_srl_reg[31] | 36     | 36         | 0      | 36      | 0      | 0      | 0      | 
+------------+-------------------------------+--------+------------+--------+---------+--------+--------+--------+

---------------------------------------------------------------------------------
Finished ROM, RAM, DSP, Shift Register and Retiming Reporting
---------------------------------------------------------------------------------
---------------------------------------------------------------------------------
Start Writing Synthesis Report
---------------------------------------------------------------------------------

Report BlackBoxes: 
+-+--------------+----------+
| |BlackBox name |Instances |
+-+--------------+----------+
+-+--------------+----------+

Report Cell Usage: 
+------+--------+------+
|      |Cell    |Count |
+------+--------+------+
|1     |CARRY8  |     1|
|2     |LUT1    |     3|
|3     |LUT2    |    22|
|4     |LUT3    |    44|
|5     |LUT4    |    26|
|6     |LUT5    |   193|
|7     |LUT6    |    98|
|8     |SRLC32E |    33|
|9     |FDRE    |   446|
|10    |FDSE    |     2|
+------+--------+------+
---------------------------------------------------------------------------------
Finished Writing Synthesis Report : Time (s): cpu = 00:00:20 ; elapsed = 00:01:55 . Memory (MB): peak = 2786.258 ; gain = 1163.039
---------------------------------------------------------------------------------
Synthesis finished with 0 errors, 0 critical warnings and 231 warnings.
Synthesis Optimization Runtime : Time (s): cpu = 00:00:09 ; elapsed = 00:01:41 . Memory (MB): peak = 2786.258 ; gain = 1055.191
Synthesis Optimization Complete : Time (s): cpu = 00:00:20 ; elapsed = 00:01:55 . Memory (MB): peak = 2786.258 ; gain = 1163.039
INFO: [Project 1-571] Translating synthesized netlist
Netlist sorting complete. Time (s): cpu = 00:00:00 ; elapsed = 00:00:00.038 . Memory (MB): peak = 2798.125 ; gain = 0.000
INFO: [Netlist 29-17] Analyzing 1 Unisim elements for replacement
INFO: [Netlist 29-28] Unisim Transformation completed in 0 CPU seconds
INFO: [Project 1-570] Preparing netlist for logic optimization
INFO: [Opt 31-138] Pushed 0 inverter(s) to 0 load pin(s).
Netlist sorting complete. Time (s): cpu = 00:00:00 ; elapsed = 00:00:00 . Memory (MB): peak = 2814.273 ; gain = 0.000
INFO: [Project 1-111] Unisim Transformation Summary:
No Unisim elements were transformed.

The system cannot find the path specified.
Synth Design complete | Checksum: ed2ce55b
INFO: [Common 17-83] Releasing license: Synthesis
49 Infos, 118 Warnings, 0 Critical Warnings and 0 Errors encountered.
synth_design completed successfully
synth_design: Time (s): cpu = 00:00:22 ; elapsed = 00:02:14 . Memory (MB): peak = 2814.273 ; gain = 2298.754
Write ShapeDB Complete: Time (s): cpu = 00:00:00 ; elapsed = 00:00:00.005 . Memory (MB): peak = 2814.273 ; gain = 0.000
INFO: [Common 17-1381] The checkpoint 'C:/Dev/apollo_sm_vivado/apollo_sm_xu8/apollo_sm_xu8.runs/zynq_bd_auto_us_2_synth_1/zynq_bd_auto_us_2.dcp' has been generated.
INFO: [Coretcl 2-1648] Added synthesis output to IP cache for IP zynq_bd_auto_us_2, cache-ID = 3d1c63eace1ae9d1
INFO: [Coretcl 2-1174] Renamed 7 cell refs.
Write ShapeDB Complete: Time (s): cpu = 00:00:00 ; elapsed = 00:00:00.003 . Memory (MB): peak = 2814.273 ; gain = 0.000
INFO: [Common 17-1381] The checkpoint 'C:/Dev/apollo_sm_vivado/apollo_sm_xu8/apollo_sm_xu8.runs/zynq_bd_auto_us_2_synth_1/zynq_bd_auto_us_2.dcp' has been generated.
INFO: [runtcl-4] Executing : report_utilization -file zynq_bd_auto_us_2_utilization_synth.rpt -pb zynq_bd_auto_us_2_utilization_synth.pb
INFO: [Common 17-206] Exiting Vivado at Tue Jul 16 12:33:50 2024...
