
*** Running vivado
    with args -log zynq_bd_auto_pc_14.vds -m64 -product Vivado -mode batch -messageDb vivado.pb -notrace -source zynq_bd_auto_pc_14.tcl


ECHO is off.
ECHO is off.

****** Vivado v2023.2 (64-bit)
  **** SW Build 4029153 on Fri Oct 13 20:14:34 MDT 2023
  **** IP Build 4028589 on Sat Oct 14 00:45:43 MDT 2023
  **** SharedData Build 4025554 on Tue Oct 10 17:18:54 MDT 2023
    ** Copyright 1986-2022 Xilinx, Inc. All Rights Reserved.
    ** Copyright 2022-2023 Advanced Micro Devices, Inc. All Rights Reserved.

source zynq_bd_auto_pc_14.tcl -notrace
create_project: Time (s): cpu = 00:00:02 ; elapsed = 00:00:08 . Memory (MB): peak = 466.211 ; gain = 185.613
INFO: [IP_Flow 19-234] Refreshing IP repositories
INFO: [IP_Flow 19-1700] Loaded user IP repository 'c:/Dev/apollo_sm_vivado/ip_repo/axis_jtag'.
INFO: [IP_Flow 19-2313] Loaded Vivado IP repository 'C:/Xilinx/Vivado/2023.2/data/ip'.
INFO: [IP_Flow 19-6924] IPCACHE: Running cache check for IP inst: zynq_bd_auto_pc_14
Command: synth_design -top zynq_bd_auto_pc_14 -part xczu7ev-fbvb900-2-i -incremental_mode off -mode out_of_context
Starting synth_design
Attempting to get a license for feature 'Synthesis' and/or device 'xczu7ev'
INFO: [Common 17-349] Got license for feature 'Synthesis' and/or device 'xczu7ev'
INFO: [Device 21-403] Loading part xczu7ev-fbvb900-2-i
INFO: [Synth 8-7079] Multithreading enabled for synth_design using a maximum of 2 processes.
INFO: [Synth 8-7078] Launching helper process for spawning children vivado processes
INFO: [Synth 8-7075] Helper process launched with PID 29712
---------------------------------------------------------------------------------
Starting RTL Elaboration : Time (s): cpu = 00:00:03 ; elapsed = 00:00:12 . Memory (MB): peak = 2007.566 ; gain = 384.898
---------------------------------------------------------------------------------
INFO: [Synth 8-6157] synthesizing module 'zynq_bd_auto_pc_14' [c:/Dev/apollo_sm_vivado/apollo_sm_xu8/apollo_sm_xu8.gen/sources_1/bd/zynq_bd/ip/zynq_bd_auto_pc_14/synth/zynq_bd_auto_pc_14.v:53]
INFO: [Synth 8-6157] synthesizing module 'axi_protocol_converter_v2_1_29_axi_protocol_converter' [c:/Dev/apollo_sm_vivado/apollo_sm_xu8/apollo_sm_xu8.gen/sources_1/bd/zynq_bd/ipshared/a63f/hdl/axi_protocol_converter_v2_1_vl_rfs.v:5285]
INFO: [Synth 8-6155] done synthesizing module 'axi_protocol_converter_v2_1_29_axi_protocol_converter' (0#1) [c:/Dev/apollo_sm_vivado/apollo_sm_xu8/apollo_sm_xu8.gen/sources_1/bd/zynq_bd/ipshared/a63f/hdl/axi_protocol_converter_v2_1_vl_rfs.v:5285]
INFO: [Synth 8-6155] done synthesizing module 'zynq_bd_auto_pc_14' (0#1) [c:/Dev/apollo_sm_vivado/apollo_sm_xu8/apollo_sm_xu8.gen/sources_1/bd/zynq_bd/ip/zynq_bd_auto_pc_14/synth/zynq_bd_auto_pc_14.v:53]
WARNING: [Synth 8-3301] Unused top level parameter/generic GLOBAL_DATE
WARNING: [Synth 8-3301] Unused top level parameter/generic GLOBAL_TIME
WARNING: [Synth 8-3301] Unused top level parameter/generic GLOBAL_VER
WARNING: [Synth 8-3301] Unused top level parameter/generic GLOBAL_SHA
WARNING: [Synth 8-3301] Unused top level parameter/generic TOP_SHA
WARNING: [Synth 8-3301] Unused top level parameter/generic TOP_VER
WARNING: [Synth 8-3301] Unused top level parameter/generic HOG_SHA
WARNING: [Synth 8-3301] Unused top level parameter/generic HOG_VER
WARNING: [Synth 8-3301] Unused top level parameter/generic CON_VER
WARNING: [Synth 8-3301] Unused top level parameter/generic CON_SHA
WARNING: [Synth 8-3301] Unused top level parameter/generic XML_VER
WARNING: [Synth 8-3301] Unused top level parameter/generic XML_SHA
WARNING: [Synth 8-3301] Unused top level parameter/generic XIL_DEFAULTLIB_VER
WARNING: [Synth 8-3301] Unused top level parameter/generic XIL_DEFAULTLIB_SHA
WARNING: [Synth 8-7129] Port aclk in module axi_protocol_converter_v2_1_29_axi_protocol_converter is either unconnected or has no load
WARNING: [Synth 8-7129] Port aresetn in module axi_protocol_converter_v2_1_29_axi_protocol_converter is either unconnected or has no load
WARNING: [Synth 8-7129] Port s_axi_awid[0] in module axi_protocol_converter_v2_1_29_axi_protocol_converter is either unconnected or has no load
WARNING: [Synth 8-7129] Port s_axi_awlen[7] in module axi_protocol_converter_v2_1_29_axi_protocol_converter is either unconnected or has no load
WARNING: [Synth 8-7129] Port s_axi_awlen[6] in module axi_protocol_converter_v2_1_29_axi_protocol_converter is either unconnected or has no load
WARNING: [Synth 8-7129] Port s_axi_awlen[5] in module axi_protocol_converter_v2_1_29_axi_protocol_converter is either unconnected or has no load
WARNING: [Synth 8-7129] Port s_axi_awlen[4] in module axi_protocol_converter_v2_1_29_axi_protocol_converter is either unconnected or has no load
WARNING: [Synth 8-7129] Port s_axi_awlen[3] in module axi_protocol_converter_v2_1_29_axi_protocol_converter is either unconnected or has no load
WARNING: [Synth 8-7129] Port s_axi_awlen[2] in module axi_protocol_converter_v2_1_29_axi_protocol_converter is either unconnected or has no load
WARNING: [Synth 8-7129] Port s_axi_awlen[1] in module axi_protocol_converter_v2_1_29_axi_protocol_converter is either unconnected or has no load
WARNING: [Synth 8-7129] Port s_axi_awlen[0] in module axi_protocol_converter_v2_1_29_axi_protocol_converter is either unconnected or has no load
WARNING: [Synth 8-7129] Port s_axi_awsize[2] in module axi_protocol_converter_v2_1_29_axi_protocol_converter is either unconnected or has no load
WARNING: [Synth 8-7129] Port s_axi_awsize[1] in module axi_protocol_converter_v2_1_29_axi_protocol_converter is either unconnected or has no load
WARNING: [Synth 8-7129] Port s_axi_awsize[0] in module axi_protocol_converter_v2_1_29_axi_protocol_converter is either unconnected or has no load
WARNING: [Synth 8-7129] Port s_axi_awburst[1] in module axi_protocol_converter_v2_1_29_axi_protocol_converter is either unconnected or has no load
WARNING: [Synth 8-7129] Port s_axi_awburst[0] in module axi_protocol_converter_v2_1_29_axi_protocol_converter is either unconnected or has no load
WARNING: [Synth 8-7129] Port s_axi_awlock[0] in module axi_protocol_converter_v2_1_29_axi_protocol_converter is either unconnected or has no load
WARNING: [Synth 8-7129] Port s_axi_awcache[3] in module axi_protocol_converter_v2_1_29_axi_protocol_converter is either unconnected or has no load
WARNING: [Synth 8-7129] Port s_axi_awcache[2] in module axi_protocol_converter_v2_1_29_axi_protocol_converter is either unconnected or has no load
WARNING: [Synth 8-7129] Port s_axi_awcache[1] in module axi_protocol_converter_v2_1_29_axi_protocol_converter is either unconnected or has no load
WARNING: [Synth 8-7129] Port s_axi_awcache[0] in module axi_protocol_converter_v2_1_29_axi_protocol_converter is either unconnected or has no load
WARNING: [Synth 8-7129] Port s_axi_awregion[3] in module axi_protocol_converter_v2_1_29_axi_protocol_converter is either unconnected or has no load
WARNING: [Synth 8-7129] Port s_axi_awregion[2] in module axi_protocol_converter_v2_1_29_axi_protocol_converter is either unconnected or has no load
WARNING: [Synth 8-7129] Port s_axi_awregion[1] in module axi_protocol_converter_v2_1_29_axi_protocol_converter is either unconnected or has no load
WARNING: [Synth 8-7129] Port s_axi_awregion[0] in module axi_protocol_converter_v2_1_29_axi_protocol_converter is either unconnected or has no load
WARNING: [Synth 8-7129] Port s_axi_awqos[3] in module axi_protocol_converter_v2_1_29_axi_protocol_converter is either unconnected or has no load
WARNING: [Synth 8-7129] Port s_axi_awqos[2] in module axi_protocol_converter_v2_1_29_axi_protocol_converter is either unconnected or has no load
WARNING: [Synth 8-7129] Port s_axi_awqos[1] in module axi_protocol_converter_v2_1_29_axi_protocol_converter is either unconnected or has no load
WARNING: [Synth 8-7129] Port s_axi_awqos[0] in module axi_protocol_converter_v2_1_29_axi_protocol_converter is either unconnected or has no load
WARNING: [Synth 8-7129] Port s_axi_awuser[0] in module axi_protocol_converter_v2_1_29_axi_protocol_converter is either unconnected or has no load
WARNING: [Synth 8-7129] Port s_axi_wid[0] in module axi_protocol_converter_v2_1_29_axi_protocol_converter is either unconnected or has no load
WARNING: [Synth 8-7129] Port s_axi_wlast in module axi_protocol_converter_v2_1_29_axi_protocol_converter is either unconnected or has no load
WARNING: [Synth 8-7129] Port s_axi_wuser[0] in module axi_protocol_converter_v2_1_29_axi_protocol_converter is either unconnected or has no load
WARNING: [Synth 8-7129] Port s_axi_arid[0] in module axi_protocol_converter_v2_1_29_axi_protocol_converter is either unconnected or has no load
WARNING: [Synth 8-7129] Port s_axi_arlen[7] in module axi_protocol_converter_v2_1_29_axi_protocol_converter is either unconnected or has no load
WARNING: [Synth 8-7129] Port s_axi_arlen[6] in module axi_protocol_converter_v2_1_29_axi_protocol_converter is either unconnected or has no load
WARNING: [Synth 8-7129] Port s_axi_arlen[5] in module axi_protocol_converter_v2_1_29_axi_protocol_converter is either unconnected or has no load
WARNING: [Synth 8-7129] Port s_axi_arlen[4] in module axi_protocol_converter_v2_1_29_axi_protocol_converter is either unconnected or has no load
WARNING: [Synth 8-7129] Port s_axi_arlen[3] in module axi_protocol_converter_v2_1_29_axi_protocol_converter is either unconnected or has no load
WARNING: [Synth 8-7129] Port s_axi_arlen[2] in module axi_protocol_converter_v2_1_29_axi_protocol_converter is either unconnected or has no load
WARNING: [Synth 8-7129] Port s_axi_arlen[1] in module axi_protocol_converter_v2_1_29_axi_protocol_converter is either unconnected or has no load
WARNING: [Synth 8-7129] Port s_axi_arlen[0] in module axi_protocol_converter_v2_1_29_axi_protocol_converter is either unconnected or has no load
WARNING: [Synth 8-7129] Port s_axi_arsize[2] in module axi_protocol_converter_v2_1_29_axi_protocol_converter is either unconnected or has no load
WARNING: [Synth 8-7129] Port s_axi_arsize[1] in module axi_protocol_converter_v2_1_29_axi_protocol_converter is either unconnected or has no load
WARNING: [Synth 8-7129] Port s_axi_arsize[0] in module axi_protocol_converter_v2_1_29_axi_protocol_converter is either unconnected or has no load
WARNING: [Synth 8-7129] Port s_axi_arburst[1] in module axi_protocol_converter_v2_1_29_axi_protocol_converter is either unconnected or has no load
WARNING: [Synth 8-7129] Port s_axi_arburst[0] in module axi_protocol_converter_v2_1_29_axi_protocol_converter is either unconnected or has no load
WARNING: [Synth 8-7129] Port s_axi_arlock[0] in module axi_protocol_converter_v2_1_29_axi_protocol_converter is either unconnected or has no load
WARNING: [Synth 8-7129] Port s_axi_arcache[3] in module axi_protocol_converter_v2_1_29_axi_protocol_converter is either unconnected or has no load
WARNING: [Synth 8-7129] Port s_axi_arcache[2] in module axi_protocol_converter_v2_1_29_axi_protocol_converter is either unconnected or has no load
WARNING: [Synth 8-7129] Port s_axi_arcache[1] in module axi_protocol_converter_v2_1_29_axi_protocol_converter is either unconnected or has no load
WARNING: [Synth 8-7129] Port s_axi_arcache[0] in module axi_protocol_converter_v2_1_29_axi_protocol_converter is either unconnected or has no load
WARNING: [Synth 8-7129] Port s_axi_arregion[3] in module axi_protocol_converter_v2_1_29_axi_protocol_converter is either unconnected or has no load
WARNING: [Synth 8-7129] Port s_axi_arregion[2] in module axi_protocol_converter_v2_1_29_axi_protocol_converter is either unconnected or has no load
WARNING: [Synth 8-7129] Port s_axi_arregion[1] in module axi_protocol_converter_v2_1_29_axi_protocol_converter is either unconnected or has no load
WARNING: [Synth 8-7129] Port s_axi_arregion[0] in module axi_protocol_converter_v2_1_29_axi_protocol_converter is either unconnected or has no load
WARNING: [Synth 8-7129] Port s_axi_arqos[3] in module axi_protocol_converter_v2_1_29_axi_protocol_converter is either unconnected or has no load
WARNING: [Synth 8-7129] Port s_axi_arqos[2] in module axi_protocol_converter_v2_1_29_axi_protocol_converter is either unconnected or has no load
WARNING: [Synth 8-7129] Port s_axi_arqos[1] in module axi_protocol_converter_v2_1_29_axi_protocol_converter is either unconnected or has no load
WARNING: [Synth 8-7129] Port s_axi_arqos[0] in module axi_protocol_converter_v2_1_29_axi_protocol_converter is either unconnected or has no load
WARNING: [Synth 8-7129] Port s_axi_aruser[0] in module axi_protocol_converter_v2_1_29_axi_protocol_converter is either unconnected or has no load
WARNING: [Synth 8-7129] Port m_axi_bid[0] in module axi_protocol_converter_v2_1_29_axi_protocol_converter is either unconnected or has no load
WARNING: [Synth 8-7129] Port m_axi_buser[0] in module axi_protocol_converter_v2_1_29_axi_protocol_converter is either unconnected or has no load
WARNING: [Synth 8-7129] Port m_axi_rid[0] in module axi_protocol_converter_v2_1_29_axi_protocol_converter is either unconnected or has no load
WARNING: [Synth 8-7129] Port m_axi_rlast in module axi_protocol_converter_v2_1_29_axi_protocol_converter is either unconnected or has no load
WARNING: [Synth 8-7129] Port m_axi_ruser[0] in module axi_protocol_converter_v2_1_29_axi_protocol_converter is either unconnected or has no load
---------------------------------------------------------------------------------
Finished RTL Elaboration : Time (s): cpu = 00:00:07 ; elapsed = 00:00:21 . Memory (MB): peak = 2248.039 ; gain = 625.371
---------------------------------------------------------------------------------
---------------------------------------------------------------------------------
Start Handling Custom Attributes
---------------------------------------------------------------------------------
---------------------------------------------------------------------------------
Finished Handling Custom Attributes : Time (s): cpu = 00:00:07 ; elapsed = 00:00:21 . Memory (MB): peak = 2248.039 ; gain = 625.371
---------------------------------------------------------------------------------
---------------------------------------------------------------------------------
Finished RTL Optimization Phase 1 : Time (s): cpu = 00:00:07 ; elapsed = 00:00:21 . Memory (MB): peak = 2248.039 ; gain = 625.371
---------------------------------------------------------------------------------
Netlist sorting complete. Time (s): cpu = 00:00:00 ; elapsed = 00:00:00.006 . Memory (MB): peak = 2248.039 ; gain = 0.000
INFO: [Project 1-570] Preparing netlist for logic optimization

Processing XDC Constraints
Initializing timing engine
Parsing XDC File [c:/Dev/apollo_sm_vivado/apollo_sm_xu8/apollo_sm_xu8.gen/sources_1/bd/zynq_bd/ip/zynq_bd_auto_pc_14/zynq_bd_auto_pc_14_ooc.xdc] for cell 'inst'
create_clock: Time (s): cpu = 00:00:03 ; elapsed = 00:00:06 . Memory (MB): peak = 2274.691 ; gain = 0.051
Finished Parsing XDC File [c:/Dev/apollo_sm_vivado/apollo_sm_xu8/apollo_sm_xu8.gen/sources_1/bd/zynq_bd/ip/zynq_bd_auto_pc_14/zynq_bd_auto_pc_14_ooc.xdc] for cell 'inst'
Parsing XDC File [C:/Dev/apollo_sm_vivado/apollo_sm_xu8/apollo_sm_xu8.runs/zynq_bd_auto_pc_14_synth_1/dont_touch.xdc]
Finished Parsing XDC File [C:/Dev/apollo_sm_vivado/apollo_sm_xu8/apollo_sm_xu8.runs/zynq_bd_auto_pc_14_synth_1/dont_touch.xdc]
Completed Processing XDC Constraints

Netlist sorting complete. Time (s): cpu = 00:00:00 ; elapsed = 00:00:00 . Memory (MB): peak = 2274.691 ; gain = 0.000
INFO: [Project 1-111] Unisim Transformation Summary:
No Unisim elements were transformed.

The system cannot find the path specified.
Constraint Validation Runtime : Time (s): cpu = 00:00:00 ; elapsed = 00:00:00.041 . Memory (MB): peak = 2274.812 ; gain = 0.121
INFO: [Designutils 20-5008] Incremental synthesis strategy off
---------------------------------------------------------------------------------
Finished Constraint Validation : Time (s): cpu = 00:00:14 ; elapsed = 00:00:38 . Memory (MB): peak = 2274.812 ; gain = 652.145
---------------------------------------------------------------------------------
---------------------------------------------------------------------------------
Start Loading Part and Timing Information
---------------------------------------------------------------------------------
Loading part: xczu7ev-fbvb900-2-i
INFO: [Synth 8-6742] Reading net delay rules and data
---------------------------------------------------------------------------------
Finished Loading Part and Timing Information : Time (s): cpu = 00:00:14 ; elapsed = 00:00:38 . Memory (MB): peak = 2274.812 ; gain = 652.145
---------------------------------------------------------------------------------
---------------------------------------------------------------------------------
Start Applying 'set_property' XDC Constraints
---------------------------------------------------------------------------------
Applied set_property KEEP_HIERARCHY = SOFT for inst. (constraint file  C:/Dev/apollo_sm_vivado/apollo_sm_xu8/apollo_sm_xu8.runs/zynq_bd_auto_pc_14_synth_1/dont_touch.xdc, line 9).
---------------------------------------------------------------------------------
Finished applying 'set_property' XDC Constraints : Time (s): cpu = 00:00:14 ; elapsed = 00:00:38 . Memory (MB): peak = 2274.812 ; gain = 652.145
---------------------------------------------------------------------------------
---------------------------------------------------------------------------------
Finished RTL Optimization Phase 2 : Time (s): cpu = 00:00:14 ; elapsed = 00:00:38 . Memory (MB): peak = 2274.812 ; gain = 652.145
---------------------------------------------------------------------------------
---------------------------------------------------------------------------------
Start RTL Component Statistics 
---------------------------------------------------------------------------------
Detailed RTL Component Info : 
---------------------------------------------------------------------------------
Finished RTL Component Statistics 
---------------------------------------------------------------------------------
---------------------------------------------------------------------------------
Start Part Resource Summary
---------------------------------------------------------------------------------
Part Resources:
DSPs: 1728 (col length:144)
BRAMs: 624 (col length: RAMB18 144 RAMB36 72)
---------------------------------------------------------------------------------
Finished Part Resource Summary
---------------------------------------------------------------------------------
---------------------------------------------------------------------------------
Start Cross Boundary and Area Optimization
---------------------------------------------------------------------------------
WARNING: [Synth 8-7080] Parallel synthesis criteria is not met
WARNING: [Synth 8-7129] Port aclk in module axi_protocol_converter_v2_1_29_axi_protocol_converter is either unconnected or has no load
WARNING: [Synth 8-7129] Port aresetn in module axi_protocol_converter_v2_1_29_axi_protocol_converter is either unconnected or has no load
WARNING: [Synth 8-7129] Port s_axi_awid[0] in module axi_protocol_converter_v2_1_29_axi_protocol_converter is either unconnected or has no load
WARNING: [Synth 8-7129] Port s_axi_awlen[7] in module axi_protocol_converter_v2_1_29_axi_protocol_converter is either unconnected or has no load
WARNING: [Synth 8-7129] Port s_axi_awlen[6] in module axi_protocol_converter_v2_1_29_axi_protocol_converter is either unconnected or has no load
WARNING: [Synth 8-7129] Port s_axi_awlen[5] in module axi_protocol_converter_v2_1_29_axi_protocol_converter is either unconnected or has no load
WARNING: [Synth 8-7129] Port s_axi_awlen[4] in module axi_protocol_converter_v2_1_29_axi_protocol_converter is either unconnected or has no load
WARNING: [Synth 8-7129] Port s_axi_awlen[3] in module axi_protocol_converter_v2_1_29_axi_protocol_converter is either unconnected or has no load
WARNING: [Synth 8-7129] Port s_axi_awlen[2] in module axi_protocol_converter_v2_1_29_axi_protocol_converter is either unconnected or has no load
WARNING: [Synth 8-7129] Port s_axi_awlen[1] in module axi_protocol_converter_v2_1_29_axi_protocol_converter is either unconnected or has no load
WARNING: [Synth 8-7129] Port s_axi_awlen[0] in module axi_protocol_converter_v2_1_29_axi_protocol_converter is either unconnected or has no load
WARNING: [Synth 8-7129] Port s_axi_awsize[2] in module axi_protocol_converter_v2_1_29_axi_protocol_converter is either unconnected or has no load
WARNING: [Synth 8-7129] Port s_axi_awsize[1] in module axi_protocol_converter_v2_1_29_axi_protocol_converter is either unconnected or has no load
WARNING: [Synth 8-7129] Port s_axi_awsize[0] in module axi_protocol_converter_v2_1_29_axi_protocol_converter is either unconnected or has no load
WARNING: [Synth 8-7129] Port s_axi_awburst[1] in module axi_protocol_converter_v2_1_29_axi_protocol_converter is either unconnected or has no load
WARNING: [Synth 8-7129] Port s_axi_awburst[0] in module axi_protocol_converter_v2_1_29_axi_protocol_converter is either unconnected or has no load
WARNING: [Synth 8-7129] Port s_axi_awlock[0] in module axi_protocol_converter_v2_1_29_axi_protocol_converter is either unconnected or has no load
WARNING: [Synth 8-7129] Port s_axi_awcache[3] in module axi_protocol_converter_v2_1_29_axi_protocol_converter is either unconnected or has no load
WARNING: [Synth 8-7129] Port s_axi_awcache[2] in module axi_protocol_converter_v2_1_29_axi_protocol_converter is either unconnected or has no load
WARNING: [Synth 8-7129] Port s_axi_awcache[1] in module axi_protocol_converter_v2_1_29_axi_protocol_converter is either unconnected or has no load
WARNING: [Synth 8-7129] Port s_axi_awcache[0] in module axi_protocol_converter_v2_1_29_axi_protocol_converter is either unconnected or has no load
WARNING: [Synth 8-7129] Port s_axi_awregion[3] in module axi_protocol_converter_v2_1_29_axi_protocol_converter is either unconnected or has no load
WARNING: [Synth 8-7129] Port s_axi_awregion[2] in module axi_protocol_converter_v2_1_29_axi_protocol_converter is either unconnected or has no load
WARNING: [Synth 8-7129] Port s_axi_awregion[1] in module axi_protocol_converter_v2_1_29_axi_protocol_converter is either unconnected or has no load
WARNING: [Synth 8-7129] Port s_axi_awregion[0] in module axi_protocol_converter_v2_1_29_axi_protocol_converter is either unconnected or has no load
WARNING: [Synth 8-7129] Port s_axi_awqos[3] in module axi_protocol_converter_v2_1_29_axi_protocol_converter is either unconnected or has no load
WARNING: [Synth 8-7129] Port s_axi_awqos[2] in module axi_protocol_converter_v2_1_29_axi_protocol_converter is either unconnected or has no load
WARNING: [Synth 8-7129] Port s_axi_awqos[1] in module axi_protocol_converter_v2_1_29_axi_protocol_converter is either unconnected or has no load
WARNING: [Synth 8-7129] Port s_axi_awqos[0] in module axi_protocol_converter_v2_1_29_axi_protocol_converter is either unconnected or has no load
WARNING: [Synth 8-7129] Port s_axi_awuser[0] in module axi_protocol_converter_v2_1_29_axi_protocol_converter is either unconnected or has no load
WARNING: [Synth 8-7129] Port s_axi_wid[0] in module axi_protocol_converter_v2_1_29_axi_protocol_converter is either unconnected or has no load
WARNING: [Synth 8-7129] Port s_axi_wlast in module axi_protocol_converter_v2_1_29_axi_protocol_converter is either unconnected or has no load
WARNING: [Synth 8-7129] Port s_axi_wuser[0] in module axi_protocol_converter_v2_1_29_axi_protocol_converter is either unconnected or has no load
WARNING: [Synth 8-7129] Port s_axi_arid[0] in module axi_protocol_converter_v2_1_29_axi_protocol_converter is either unconnected or has no load
INFO: [Common 17-14] Message 'Synth 8-7129' appears 100 times and further instances of the messages will be disabled. Use the Tcl command set_msg_config to change the current settings.
---------------------------------------------------------------------------------
Finished Cross Boundary and Area Optimization : Time (s): cpu = 00:00:15 ; elapsed = 00:00:41 . Memory (MB): peak = 2274.812 ; gain = 652.145
---------------------------------------------------------------------------------
---------------------------------------------------------------------------------
Start Applying XDC Timing Constraints
---------------------------------------------------------------------------------
---------------------------------------------------------------------------------
Finished Applying XDC Timing Constraints : Time (s): cpu = 00:00:22 ; elapsed = 00:01:04 . Memory (MB): peak = 2669.559 ; gain = 1046.891
---------------------------------------------------------------------------------
---------------------------------------------------------------------------------
Start Timing Optimization
---------------------------------------------------------------------------------
---------------------------------------------------------------------------------
Finished Timing Optimization : Time (s): cpu = 00:00:22 ; elapsed = 00:01:04 . Memory (MB): peak = 2669.559 ; gain = 1046.891
---------------------------------------------------------------------------------
---------------------------------------------------------------------------------
Start Technology Mapping
---------------------------------------------------------------------------------
---------------------------------------------------------------------------------
Finished Technology Mapping : Time (s): cpu = 00:00:22 ; elapsed = 00:01:04 . Memory (MB): peak = 2679.289 ; gain = 1056.621
---------------------------------------------------------------------------------
---------------------------------------------------------------------------------
Start IO Insertion
---------------------------------------------------------------------------------
---------------------------------------------------------------------------------
Start Flattening Before IO Insertion
---------------------------------------------------------------------------------
---------------------------------------------------------------------------------
Finished Flattening Before IO Insertion
---------------------------------------------------------------------------------
---------------------------------------------------------------------------------
Start Final Netlist Cleanup
---------------------------------------------------------------------------------
---------------------------------------------------------------------------------
Finished Final Netlist Cleanup
---------------------------------------------------------------------------------
---------------------------------------------------------------------------------
Finished IO Insertion : Time (s): cpu = 00:00:24 ; elapsed = 00:01:10 . Memory (MB): peak = 2694.066 ; gain = 1071.398
---------------------------------------------------------------------------------
---------------------------------------------------------------------------------
Start Renaming Generated Instances
---------------------------------------------------------------------------------
---------------------------------------------------------------------------------
Finished Renaming Generated Instances : Time (s): cpu = 00:00:24 ; elapsed = 00:01:10 . Memory (MB): peak = 2694.066 ; gain = 1071.398
---------------------------------------------------------------------------------
---------------------------------------------------------------------------------
Start Rebuilding User Hierarchy
---------------------------------------------------------------------------------
---------------------------------------------------------------------------------
Finished Rebuilding User Hierarchy : Time (s): cpu = 00:00:24 ; elapsed = 00:01:10 . Memory (MB): peak = 2694.066 ; gain = 1071.398
---------------------------------------------------------------------------------
---------------------------------------------------------------------------------
Start Renaming Generated Ports
---------------------------------------------------------------------------------
---------------------------------------------------------------------------------
Finished Renaming Generated Ports : Time (s): cpu = 00:00:24 ; elapsed = 00:01:10 . Memory (MB): peak = 2694.066 ; gain = 1071.398
---------------------------------------------------------------------------------
---------------------------------------------------------------------------------
Start Handling Custom Attributes
---------------------------------------------------------------------------------
---------------------------------------------------------------------------------
Finished Handling Custom Attributes : Time (s): cpu = 00:00:24 ; elapsed = 00:01:10 . Memory (MB): peak = 2694.066 ; gain = 1071.398
---------------------------------------------------------------------------------
---------------------------------------------------------------------------------
Start Renaming Generated Nets
---------------------------------------------------------------------------------
---------------------------------------------------------------------------------
Finished Renaming Generated Nets : Time (s): cpu = 00:00:24 ; elapsed = 00:01:10 . Memory (MB): peak = 2694.066 ; gain = 1071.398
---------------------------------------------------------------------------------
---------------------------------------------------------------------------------
Start Writing Synthesis Report
---------------------------------------------------------------------------------

Report BlackBoxes: 
+-+--------------+----------+
| |BlackBox name |Instances |
+-+--------------+----------+
+-+--------------+----------+

Report Cell Usage: 
+-+-----+------+
| |Cell |Count |
+-+-----+------+
+-+-----+------+
---------------------------------------------------------------------------------
Finished Writing Synthesis Report : Time (s): cpu = 00:00:24 ; elapsed = 00:01:10 . Memory (MB): peak = 2694.066 ; gain = 1071.398
---------------------------------------------------------------------------------
Synthesis finished with 0 errors, 0 critical warnings and 67 warnings.
Synthesis Optimization Runtime : Time (s): cpu = 00:00:13 ; elapsed = 00:01:01 . Memory (MB): peak = 2694.066 ; gain = 1044.625
Synthesis Optimization Complete : Time (s): cpu = 00:00:24 ; elapsed = 00:01:10 . Memory (MB): peak = 2694.066 ; gain = 1071.398
INFO: [Project 1-571] Translating synthesized netlist
Netlist sorting complete. Time (s): cpu = 00:00:00 ; elapsed = 00:00:00.006 . Memory (MB): peak = 2694.066 ; gain = 0.000
INFO: [Project 1-570] Preparing netlist for logic optimization
INFO: [Opt 31-138] Pushed 0 inverter(s) to 0 load pin(s).
Netlist sorting complete. Time (s): cpu = 00:00:00 ; elapsed = 00:00:00 . Memory (MB): peak = 2741.734 ; gain = 0.000
INFO: [Project 1-111] Unisim Transformation Summary:
No Unisim elements were transformed.

The system cannot find the path specified.
Synth Design complete | Checksum: 1163b824
INFO: [Common 17-83] Releasing license: Synthesis
23 Infos, 115 Warnings, 0 Critical Warnings and 0 Errors encountered.
synth_design completed successfully
synth_design: Time (s): cpu = 00:00:27 ; elapsed = 00:01:32 . Memory (MB): peak = 2746.719 ; gain = 2229.551
INFO: [Common 17-1381] The checkpoint 'C:/Dev/apollo_sm_vivado/apollo_sm_xu8/apollo_sm_xu8.runs/zynq_bd_auto_pc_14_synth_1/zynq_bd_auto_pc_14.dcp' has been generated.
INFO: [Coretcl 2-1648] Added synthesis output to IP cache for IP zynq_bd_auto_pc_14, cache-ID = adc770faf16c3258
INFO: [Common 17-1381] The checkpoint 'C:/Dev/apollo_sm_vivado/apollo_sm_xu8/apollo_sm_xu8.runs/zynq_bd_auto_pc_14_synth_1/zynq_bd_auto_pc_14.dcp' has been generated.
INFO: [runtcl-4] Executing : report_utilization -file zynq_bd_auto_pc_14_utilization_synth.rpt -pb zynq_bd_auto_pc_14_utilization_synth.pb
INFO: [Common 17-206] Exiting Vivado at Tue Jul 16 12:28:51 2024...
