
*** Running vivado
    with args -log zynq_bd_xbar_0.vds -m64 -product Vivado -mode batch -messageDb vivado.pb -notrace -source zynq_bd_xbar_0.tcl


ECHO is off.
ECHO is off.

****** Vivado v2023.2 (64-bit)
  **** SW Build 4029153 on Fri Oct 13 20:14:34 MDT 2023
  **** IP Build 4028589 on Sat Oct 14 00:45:43 MDT 2023
  **** SharedData Build 4025554 on Tue Oct 10 17:18:54 MDT 2023
    ** Copyright 1986-2022 Xilinx, Inc. All Rights Reserved.
    ** Copyright 2022-2023 Advanced Micro Devices, Inc. All Rights Reserved.

source zynq_bd_xbar_0.tcl -notrace
create_project: Time (s): cpu = 00:00:03 ; elapsed = 00:00:08 . Memory (MB): peak = 466.457 ; gain = 185.109
INFO: [IP_Flow 19-234] Refreshing IP repositories
INFO: [IP_Flow 19-1700] Loaded user IP repository 'c:/Dev/apollo_sm_vivado/ip_repo/axis_jtag'.
INFO: [IP_Flow 19-2313] Loaded Vivado IP repository 'C:/Xilinx/Vivado/2023.2/data/ip'.
INFO: [IP_Flow 19-6924] IPCACHE: Running cache check for IP inst: zynq_bd_xbar_0
Command: synth_design -top zynq_bd_xbar_0 -part xczu7ev-fbvb900-2-i -incremental_mode off -mode out_of_context
Starting synth_design
Attempting to get a license for feature 'Synthesis' and/or device 'xczu7ev'
INFO: [Common 17-349] Got license for feature 'Synthesis' and/or device 'xczu7ev'
INFO: [Device 21-403] Loading part xczu7ev-fbvb900-2-i
INFO: [Synth 8-7079] Multithreading enabled for synth_design using a maximum of 2 processes.
INFO: [Synth 8-7078] Launching helper process for spawning children vivado processes
INFO: [Synth 8-7075] Helper process launched with PID 11112
---------------------------------------------------------------------------------
Starting RTL Elaboration : Time (s): cpu = 00:00:05 ; elapsed = 00:00:11 . Memory (MB): peak = 2014.891 ; gain = 384.766
---------------------------------------------------------------------------------
INFO: [Synth 8-6157] synthesizing module 'zynq_bd_xbar_0' [c:/Dev/apollo_sm_vivado/apollo_sm_xu8/apollo_sm_xu8.gen/sources_1/bd/zynq_bd/ip/zynq_bd_xbar_0/synth/zynq_bd_xbar_0.v:53]
INFO: [Synth 8-6157] synthesizing module 'axi_crossbar_v2_1_30_axi_crossbar' [c:/Dev/apollo_sm_vivado/apollo_sm_xu8/apollo_sm_xu8.gen/sources_1/bd/zynq_bd/ipshared/fb47/hdl/axi_crossbar_v2_1_vl_rfs.v:4871]
INFO: [Synth 8-6157] synthesizing module 'axi_crossbar_v2_1_30_crossbar_sasd' [c:/Dev/apollo_sm_vivado/apollo_sm_xu8/apollo_sm_xu8.gen/sources_1/bd/zynq_bd/ipshared/fb47/hdl/axi_crossbar_v2_1_vl_rfs.v:1234]
INFO: [Synth 8-6157] synthesizing module 'axi_crossbar_v2_1_30_addr_decoder' [c:/Dev/apollo_sm_vivado/apollo_sm_xu8/apollo_sm_xu8.gen/sources_1/bd/zynq_bd/ipshared/fb47/hdl/axi_crossbar_v2_1_vl_rfs.v:790]
INFO: [Synth 8-6157] synthesizing module 'generic_baseblocks_v2_1_1_comparator_static' [c:/Dev/apollo_sm_vivado/apollo_sm_xu8/apollo_sm_xu8.gen/sources_1/bd/zynq_bd/ipshared/10ab/hdl/generic_baseblocks_v2_1_vl_rfs.v:2119]
INFO: [Synth 8-6157] synthesizing module 'generic_baseblocks_v2_1_1_carry_and' [c:/Dev/apollo_sm_vivado/apollo_sm_xu8/apollo_sm_xu8.gen/sources_1/bd/zynq_bd/ipshared/10ab/hdl/generic_baseblocks_v2_1_vl_rfs.v:60]
INFO: [Synth 8-6155] done synthesizing module 'generic_baseblocks_v2_1_1_carry_and' (0#1) [c:/Dev/apollo_sm_vivado/apollo_sm_xu8/apollo_sm_xu8.gen/sources_1/bd/zynq_bd/ipshared/10ab/hdl/generic_baseblocks_v2_1_vl_rfs.v:60]
INFO: [Synth 8-6155] done synthesizing module 'generic_baseblocks_v2_1_1_comparator_static' (0#1) [c:/Dev/apollo_sm_vivado/apollo_sm_xu8/apollo_sm_xu8.gen/sources_1/bd/zynq_bd/ipshared/10ab/hdl/generic_baseblocks_v2_1_vl_rfs.v:2119]
INFO: [Synth 8-6157] synthesizing module 'generic_baseblocks_v2_1_1_comparator_static__parameterized0' [c:/Dev/apollo_sm_vivado/apollo_sm_xu8/apollo_sm_xu8.gen/sources_1/bd/zynq_bd/ipshared/10ab/hdl/generic_baseblocks_v2_1_vl_rfs.v:2119]
INFO: [Synth 8-6155] done synthesizing module 'generic_baseblocks_v2_1_1_comparator_static__parameterized0' (0#1) [c:/Dev/apollo_sm_vivado/apollo_sm_xu8/apollo_sm_xu8.gen/sources_1/bd/zynq_bd/ipshared/10ab/hdl/generic_baseblocks_v2_1_vl_rfs.v:2119]
INFO: [Synth 8-6157] synthesizing module 'generic_baseblocks_v2_1_1_comparator_static__parameterized1' [c:/Dev/apollo_sm_vivado/apollo_sm_xu8/apollo_sm_xu8.gen/sources_1/bd/zynq_bd/ipshared/10ab/hdl/generic_baseblocks_v2_1_vl_rfs.v:2119]
INFO: [Synth 8-6155] done synthesizing module 'generic_baseblocks_v2_1_1_comparator_static__parameterized1' (0#1) [c:/Dev/apollo_sm_vivado/apollo_sm_xu8/apollo_sm_xu8.gen/sources_1/bd/zynq_bd/ipshared/10ab/hdl/generic_baseblocks_v2_1_vl_rfs.v:2119]
INFO: [Synth 8-6157] synthesizing module 'generic_baseblocks_v2_1_1_comparator_static__parameterized2' [c:/Dev/apollo_sm_vivado/apollo_sm_xu8/apollo_sm_xu8.gen/sources_1/bd/zynq_bd/ipshared/10ab/hdl/generic_baseblocks_v2_1_vl_rfs.v:2119]
INFO: [Synth 8-6155] done synthesizing module 'generic_baseblocks_v2_1_1_comparator_static__parameterized2' (0#1) [c:/Dev/apollo_sm_vivado/apollo_sm_xu8/apollo_sm_xu8.gen/sources_1/bd/zynq_bd/ipshared/10ab/hdl/generic_baseblocks_v2_1_vl_rfs.v:2119]
INFO: [Synth 8-6157] synthesizing module 'generic_baseblocks_v2_1_1_comparator_static__parameterized3' [c:/Dev/apollo_sm_vivado/apollo_sm_xu8/apollo_sm_xu8.gen/sources_1/bd/zynq_bd/ipshared/10ab/hdl/generic_baseblocks_v2_1_vl_rfs.v:2119]
INFO: [Synth 8-6155] done synthesizing module 'generic_baseblocks_v2_1_1_comparator_static__parameterized3' (0#1) [c:/Dev/apollo_sm_vivado/apollo_sm_xu8/apollo_sm_xu8.gen/sources_1/bd/zynq_bd/ipshared/10ab/hdl/generic_baseblocks_v2_1_vl_rfs.v:2119]
INFO: [Synth 8-6157] synthesizing module 'generic_baseblocks_v2_1_1_comparator_static__parameterized4' [c:/Dev/apollo_sm_vivado/apollo_sm_xu8/apollo_sm_xu8.gen/sources_1/bd/zynq_bd/ipshared/10ab/hdl/generic_baseblocks_v2_1_vl_rfs.v:2119]
INFO: [Synth 8-6155] done synthesizing module 'generic_baseblocks_v2_1_1_comparator_static__parameterized4' (0#1) [c:/Dev/apollo_sm_vivado/apollo_sm_xu8/apollo_sm_xu8.gen/sources_1/bd/zynq_bd/ipshared/10ab/hdl/generic_baseblocks_v2_1_vl_rfs.v:2119]
INFO: [Synth 8-6157] synthesizing module 'generic_baseblocks_v2_1_1_comparator_static__parameterized5' [c:/Dev/apollo_sm_vivado/apollo_sm_xu8/apollo_sm_xu8.gen/sources_1/bd/zynq_bd/ipshared/10ab/hdl/generic_baseblocks_v2_1_vl_rfs.v:2119]
INFO: [Synth 8-6155] done synthesizing module 'generic_baseblocks_v2_1_1_comparator_static__parameterized5' (0#1) [c:/Dev/apollo_sm_vivado/apollo_sm_xu8/apollo_sm_xu8.gen/sources_1/bd/zynq_bd/ipshared/10ab/hdl/generic_baseblocks_v2_1_vl_rfs.v:2119]
INFO: [Synth 8-6157] synthesizing module 'generic_baseblocks_v2_1_1_comparator_static__parameterized6' [c:/Dev/apollo_sm_vivado/apollo_sm_xu8/apollo_sm_xu8.gen/sources_1/bd/zynq_bd/ipshared/10ab/hdl/generic_baseblocks_v2_1_vl_rfs.v:2119]
INFO: [Synth 8-6155] done synthesizing module 'generic_baseblocks_v2_1_1_comparator_static__parameterized6' (0#1) [c:/Dev/apollo_sm_vivado/apollo_sm_xu8/apollo_sm_xu8.gen/sources_1/bd/zynq_bd/ipshared/10ab/hdl/generic_baseblocks_v2_1_vl_rfs.v:2119]
INFO: [Synth 8-6157] synthesizing module 'generic_baseblocks_v2_1_1_comparator_static__parameterized7' [c:/Dev/apollo_sm_vivado/apollo_sm_xu8/apollo_sm_xu8.gen/sources_1/bd/zynq_bd/ipshared/10ab/hdl/generic_baseblocks_v2_1_vl_rfs.v:2119]
INFO: [Synth 8-6155] done synthesizing module 'generic_baseblocks_v2_1_1_comparator_static__parameterized7' (0#1) [c:/Dev/apollo_sm_vivado/apollo_sm_xu8/apollo_sm_xu8.gen/sources_1/bd/zynq_bd/ipshared/10ab/hdl/generic_baseblocks_v2_1_vl_rfs.v:2119]
INFO: [Synth 8-6157] synthesizing module 'generic_baseblocks_v2_1_1_comparator_static__parameterized8' [c:/Dev/apollo_sm_vivado/apollo_sm_xu8/apollo_sm_xu8.gen/sources_1/bd/zynq_bd/ipshared/10ab/hdl/generic_baseblocks_v2_1_vl_rfs.v:2119]
INFO: [Synth 8-6155] done synthesizing module 'generic_baseblocks_v2_1_1_comparator_static__parameterized8' (0#1) [c:/Dev/apollo_sm_vivado/apollo_sm_xu8/apollo_sm_xu8.gen/sources_1/bd/zynq_bd/ipshared/10ab/hdl/generic_baseblocks_v2_1_vl_rfs.v:2119]
INFO: [Synth 8-6157] synthesizing module 'generic_baseblocks_v2_1_1_comparator_static__parameterized9' [c:/Dev/apollo_sm_vivado/apollo_sm_xu8/apollo_sm_xu8.gen/sources_1/bd/zynq_bd/ipshared/10ab/hdl/generic_baseblocks_v2_1_vl_rfs.v:2119]
INFO: [Synth 8-6155] done synthesizing module 'generic_baseblocks_v2_1_1_comparator_static__parameterized9' (0#1) [c:/Dev/apollo_sm_vivado/apollo_sm_xu8/apollo_sm_xu8.gen/sources_1/bd/zynq_bd/ipshared/10ab/hdl/generic_baseblocks_v2_1_vl_rfs.v:2119]
INFO: [Synth 8-6157] synthesizing module 'generic_baseblocks_v2_1_1_comparator_static__parameterized10' [c:/Dev/apollo_sm_vivado/apollo_sm_xu8/apollo_sm_xu8.gen/sources_1/bd/zynq_bd/ipshared/10ab/hdl/generic_baseblocks_v2_1_vl_rfs.v:2119]
INFO: [Synth 8-6155] done synthesizing module 'generic_baseblocks_v2_1_1_comparator_static__parameterized10' (0#1) [c:/Dev/apollo_sm_vivado/apollo_sm_xu8/apollo_sm_xu8.gen/sources_1/bd/zynq_bd/ipshared/10ab/hdl/generic_baseblocks_v2_1_vl_rfs.v:2119]
INFO: [Synth 8-6157] synthesizing module 'generic_baseblocks_v2_1_1_comparator_static__parameterized11' [c:/Dev/apollo_sm_vivado/apollo_sm_xu8/apollo_sm_xu8.gen/sources_1/bd/zynq_bd/ipshared/10ab/hdl/generic_baseblocks_v2_1_vl_rfs.v:2119]
INFO: [Synth 8-6155] done synthesizing module 'generic_baseblocks_v2_1_1_comparator_static__parameterized11' (0#1) [c:/Dev/apollo_sm_vivado/apollo_sm_xu8/apollo_sm_xu8.gen/sources_1/bd/zynq_bd/ipshared/10ab/hdl/generic_baseblocks_v2_1_vl_rfs.v:2119]
INFO: [Synth 8-6157] synthesizing module 'generic_baseblocks_v2_1_1_comparator_static__parameterized12' [c:/Dev/apollo_sm_vivado/apollo_sm_xu8/apollo_sm_xu8.gen/sources_1/bd/zynq_bd/ipshared/10ab/hdl/generic_baseblocks_v2_1_vl_rfs.v:2119]
INFO: [Synth 8-6155] done synthesizing module 'generic_baseblocks_v2_1_1_comparator_static__parameterized12' (0#1) [c:/Dev/apollo_sm_vivado/apollo_sm_xu8/apollo_sm_xu8.gen/sources_1/bd/zynq_bd/ipshared/10ab/hdl/generic_baseblocks_v2_1_vl_rfs.v:2119]
INFO: [Synth 8-6157] synthesizing module 'generic_baseblocks_v2_1_1_comparator_static__parameterized13' [c:/Dev/apollo_sm_vivado/apollo_sm_xu8/apollo_sm_xu8.gen/sources_1/bd/zynq_bd/ipshared/10ab/hdl/generic_baseblocks_v2_1_vl_rfs.v:2119]
INFO: [Synth 8-6155] done synthesizing module 'generic_baseblocks_v2_1_1_comparator_static__parameterized13' (0#1) [c:/Dev/apollo_sm_vivado/apollo_sm_xu8/apollo_sm_xu8.gen/sources_1/bd/zynq_bd/ipshared/10ab/hdl/generic_baseblocks_v2_1_vl_rfs.v:2119]
INFO: [Synth 8-6155] done synthesizing module 'axi_crossbar_v2_1_30_addr_decoder' (0#1) [c:/Dev/apollo_sm_vivado/apollo_sm_xu8/apollo_sm_xu8.gen/sources_1/bd/zynq_bd/ipshared/fb47/hdl/axi_crossbar_v2_1_vl_rfs.v:790]
INFO: [Synth 8-6157] synthesizing module 'generic_baseblocks_v2_1_1_mux_enc' [c:/Dev/apollo_sm_vivado/apollo_sm_xu8/apollo_sm_xu8.gen/sources_1/bd/zynq_bd/ipshared/10ab/hdl/generic_baseblocks_v2_1_vl_rfs.v:2436]
INFO: [Synth 8-6155] done synthesizing module 'generic_baseblocks_v2_1_1_mux_enc' (0#1) [c:/Dev/apollo_sm_vivado/apollo_sm_xu8/apollo_sm_xu8.gen/sources_1/bd/zynq_bd/ipshared/10ab/hdl/generic_baseblocks_v2_1_vl_rfs.v:2436]
INFO: [Synth 8-6157] synthesizing module 'generic_baseblocks_v2_1_1_mux_enc__parameterized0' [c:/Dev/apollo_sm_vivado/apollo_sm_xu8/apollo_sm_xu8.gen/sources_1/bd/zynq_bd/ipshared/10ab/hdl/generic_baseblocks_v2_1_vl_rfs.v:2436]
INFO: [Synth 8-6155] done synthesizing module 'generic_baseblocks_v2_1_1_mux_enc__parameterized0' (0#1) [c:/Dev/apollo_sm_vivado/apollo_sm_xu8/apollo_sm_xu8.gen/sources_1/bd/zynq_bd/ipshared/10ab/hdl/generic_baseblocks_v2_1_vl_rfs.v:2436]
INFO: [Synth 8-6157] synthesizing module 'axi_crossbar_v2_1_30_decerr_slave' [c:/Dev/apollo_sm_vivado/apollo_sm_xu8/apollo_sm_xu8.gen/sources_1/bd/zynq_bd/ipshared/fb47/hdl/axi_crossbar_v2_1_vl_rfs.v:3493]
INFO: [Synth 8-155] case statement is not full and has no default [c:/Dev/apollo_sm_vivado/apollo_sm_xu8/apollo_sm_xu8.gen/sources_1/bd/zynq_bd/ipshared/fb47/hdl/axi_crossbar_v2_1_vl_rfs.v:3626]
INFO: [Synth 8-6155] done synthesizing module 'axi_crossbar_v2_1_30_decerr_slave' (0#1) [c:/Dev/apollo_sm_vivado/apollo_sm_xu8/apollo_sm_xu8.gen/sources_1/bd/zynq_bd/ipshared/fb47/hdl/axi_crossbar_v2_1_vl_rfs.v:3493]
INFO: [Synth 8-6157] synthesizing module 'axi_crossbar_v2_1_30_addr_arbiter_sasd' [c:/Dev/apollo_sm_vivado/apollo_sm_xu8/apollo_sm_xu8.gen/sources_1/bd/zynq_bd/ipshared/fb47/hdl/axi_crossbar_v2_1_vl_rfs.v:63]
INFO: [Synth 8-6157] synthesizing module 'generic_baseblocks_v2_1_1_mux_enc__parameterized1' [c:/Dev/apollo_sm_vivado/apollo_sm_xu8/apollo_sm_xu8.gen/sources_1/bd/zynq_bd/ipshared/10ab/hdl/generic_baseblocks_v2_1_vl_rfs.v:2436]
INFO: [Synth 8-6155] done synthesizing module 'generic_baseblocks_v2_1_1_mux_enc__parameterized1' (0#1) [c:/Dev/apollo_sm_vivado/apollo_sm_xu8/apollo_sm_xu8.gen/sources_1/bd/zynq_bd/ipshared/10ab/hdl/generic_baseblocks_v2_1_vl_rfs.v:2436]
INFO: [Synth 8-6155] done synthesizing module 'axi_crossbar_v2_1_30_addr_arbiter_sasd' (0#1) [c:/Dev/apollo_sm_vivado/apollo_sm_xu8/apollo_sm_xu8.gen/sources_1/bd/zynq_bd/ipshared/fb47/hdl/axi_crossbar_v2_1_vl_rfs.v:63]
INFO: [Synth 8-6157] synthesizing module 'axi_crossbar_v2_1_30_splitter' [c:/Dev/apollo_sm_vivado/apollo_sm_xu8/apollo_sm_xu8.gen/sources_1/bd/zynq_bd/ipshared/fb47/hdl/axi_crossbar_v2_1_vl_rfs.v:4451]
INFO: [Synth 8-6155] done synthesizing module 'axi_crossbar_v2_1_30_splitter' (0#1) [c:/Dev/apollo_sm_vivado/apollo_sm_xu8/apollo_sm_xu8.gen/sources_1/bd/zynq_bd/ipshared/fb47/hdl/axi_crossbar_v2_1_vl_rfs.v:4451]
INFO: [Synth 8-6157] synthesizing module 'axi_crossbar_v2_1_30_splitter__parameterized0' [c:/Dev/apollo_sm_vivado/apollo_sm_xu8/apollo_sm_xu8.gen/sources_1/bd/zynq_bd/ipshared/fb47/hdl/axi_crossbar_v2_1_vl_rfs.v:4451]
INFO: [Synth 8-6155] done synthesizing module 'axi_crossbar_v2_1_30_splitter__parameterized0' (0#1) [c:/Dev/apollo_sm_vivado/apollo_sm_xu8/apollo_sm_xu8.gen/sources_1/bd/zynq_bd/ipshared/fb47/hdl/axi_crossbar_v2_1_vl_rfs.v:4451]
INFO: [Synth 8-6157] synthesizing module 'generic_baseblocks_v2_1_1_mux_enc__parameterized2' [c:/Dev/apollo_sm_vivado/apollo_sm_xu8/apollo_sm_xu8.gen/sources_1/bd/zynq_bd/ipshared/10ab/hdl/generic_baseblocks_v2_1_vl_rfs.v:2436]
INFO: [Synth 8-6155] done synthesizing module 'generic_baseblocks_v2_1_1_mux_enc__parameterized2' (0#1) [c:/Dev/apollo_sm_vivado/apollo_sm_xu8/apollo_sm_xu8.gen/sources_1/bd/zynq_bd/ipshared/10ab/hdl/generic_baseblocks_v2_1_vl_rfs.v:2436]
INFO: [Synth 8-6157] synthesizing module 'generic_baseblocks_v2_1_1_mux_enc__parameterized3' [c:/Dev/apollo_sm_vivado/apollo_sm_xu8/apollo_sm_xu8.gen/sources_1/bd/zynq_bd/ipshared/10ab/hdl/generic_baseblocks_v2_1_vl_rfs.v:2436]
INFO: [Synth 8-6155] done synthesizing module 'generic_baseblocks_v2_1_1_mux_enc__parameterized3' (0#1) [c:/Dev/apollo_sm_vivado/apollo_sm_xu8/apollo_sm_xu8.gen/sources_1/bd/zynq_bd/ipshared/10ab/hdl/generic_baseblocks_v2_1_vl_rfs.v:2436]
INFO: [Synth 8-6157] synthesizing module 'axi_register_slice_v2_1_29_axic_register_slice' [c:/Dev/apollo_sm_vivado/apollo_sm_xu8/apollo_sm_xu8.gen/sources_1/bd/zynq_bd/ipshared/ff9f/hdl/axi_register_slice_v2_1_vl_rfs.v:1492]
INFO: [Synth 8-6155] done synthesizing module 'axi_register_slice_v2_1_29_axic_register_slice' (0#1) [c:/Dev/apollo_sm_vivado/apollo_sm_xu8/apollo_sm_xu8.gen/sources_1/bd/zynq_bd/ipshared/ff9f/hdl/axi_register_slice_v2_1_vl_rfs.v:1492]
INFO: [Synth 8-6157] synthesizing module 'generic_baseblocks_v2_1_1_mux_enc__parameterized4' [c:/Dev/apollo_sm_vivado/apollo_sm_xu8/apollo_sm_xu8.gen/sources_1/bd/zynq_bd/ipshared/10ab/hdl/generic_baseblocks_v2_1_vl_rfs.v:2436]
INFO: [Synth 8-6155] done synthesizing module 'generic_baseblocks_v2_1_1_mux_enc__parameterized4' (0#1) [c:/Dev/apollo_sm_vivado/apollo_sm_xu8/apollo_sm_xu8.gen/sources_1/bd/zynq_bd/ipshared/10ab/hdl/generic_baseblocks_v2_1_vl_rfs.v:2436]
INFO: [Synth 8-6155] done synthesizing module 'axi_crossbar_v2_1_30_crossbar_sasd' (0#1) [c:/Dev/apollo_sm_vivado/apollo_sm_xu8/apollo_sm_xu8.gen/sources_1/bd/zynq_bd/ipshared/fb47/hdl/axi_crossbar_v2_1_vl_rfs.v:1234]
INFO: [Synth 8-6155] done synthesizing module 'axi_crossbar_v2_1_30_axi_crossbar' (0#1) [c:/Dev/apollo_sm_vivado/apollo_sm_xu8/apollo_sm_xu8.gen/sources_1/bd/zynq_bd/ipshared/fb47/hdl/axi_crossbar_v2_1_vl_rfs.v:4871]
INFO: [Synth 8-6155] done synthesizing module 'zynq_bd_xbar_0' (0#1) [c:/Dev/apollo_sm_vivado/apollo_sm_xu8/apollo_sm_xu8.gen/sources_1/bd/zynq_bd/ip/zynq_bd_xbar_0/synth/zynq_bd_xbar_0.v:53]
WARNING: [Synth 8-3301] Unused top level parameter/generic GLOBAL_DATE
WARNING: [Synth 8-3301] Unused top level parameter/generic GLOBAL_TIME
WARNING: [Synth 8-3301] Unused top level parameter/generic GLOBAL_VER
WARNING: [Synth 8-3301] Unused top level parameter/generic GLOBAL_SHA
WARNING: [Synth 8-3301] Unused top level parameter/generic TOP_SHA
WARNING: [Synth 8-3301] Unused top level parameter/generic TOP_VER
WARNING: [Synth 8-3301] Unused top level parameter/generic HOG_SHA
WARNING: [Synth 8-3301] Unused top level parameter/generic HOG_VER
WARNING: [Synth 8-3301] Unused top level parameter/generic CON_VER
WARNING: [Synth 8-3301] Unused top level parameter/generic CON_SHA
WARNING: [Synth 8-3301] Unused top level parameter/generic XML_VER
WARNING: [Synth 8-3301] Unused top level parameter/generic XML_SHA
WARNING: [Synth 8-3301] Unused top level parameter/generic XIL_DEFAULTLIB_VER
WARNING: [Synth 8-3301] Unused top level parameter/generic XIL_DEFAULTLIB_SHA
WARNING: [Synth 8-6014] Unused sequential element gen_debug_trans_seq.debug_aw_trans_seq_i_reg was removed.  [c:/Dev/apollo_sm_vivado/apollo_sm_xu8/apollo_sm_xu8.gen/sources_1/bd/zynq_bd/ipshared/fb47/hdl/axi_crossbar_v2_1_vl_rfs.v:2051]
WARNING: [Synth 8-6014] Unused sequential element gen_debug_trans_seq.debug_ar_trans_seq_i_reg was removed.  [c:/Dev/apollo_sm_vivado/apollo_sm_xu8/apollo_sm_xu8.gen/sources_1/bd/zynq_bd/ipshared/fb47/hdl/axi_crossbar_v2_1_vl_rfs.v:2062]
WARNING: [Synth 8-6014] Unused sequential element gen_debug_trans_seq.debug_w_beat_cnt_i_reg was removed.  [c:/Dev/apollo_sm_vivado/apollo_sm_xu8/apollo_sm_xu8.gen/sources_1/bd/zynq_bd/ipshared/fb47/hdl/axi_crossbar_v2_1_vl_rfs.v:2073]
WARNING: [Synth 8-6014] Unused sequential element gen_debug_trans_seq.debug_r_beat_cnt_i_reg was removed.  [c:/Dev/apollo_sm_vivado/apollo_sm_xu8/apollo_sm_xu8.gen/sources_1/bd/zynq_bd/ipshared/fb47/hdl/axi_crossbar_v2_1_vl_rfs.v:2086]
WARNING: [Synth 8-7129] Port ACLK in module axi_register_slice_v2_1_29_axic_register_slice is either unconnected or has no load
WARNING: [Synth 8-7129] Port ARESET in module axi_register_slice_v2_1_29_axic_register_slice is either unconnected or has no load
WARNING: [Synth 8-7129] Port ADDR[1] in module axi_crossbar_v2_1_30_addr_decoder is either unconnected or has no load
WARNING: [Synth 8-7129] Port ADDR[0] in module axi_crossbar_v2_1_30_addr_decoder is either unconnected or has no load
WARNING: [Synth 8-7129] Port S_AXI_AWID[33] in module axi_crossbar_v2_1_30_crossbar_sasd is either unconnected or has no load
WARNING: [Synth 8-7129] Port S_AXI_AWID[32] in module axi_crossbar_v2_1_30_crossbar_sasd is either unconnected or has no load
WARNING: [Synth 8-7129] Port S_AXI_AWID[31] in module axi_crossbar_v2_1_30_crossbar_sasd is either unconnected or has no load
WARNING: [Synth 8-7129] Port S_AXI_AWID[30] in module axi_crossbar_v2_1_30_crossbar_sasd is either unconnected or has no load
WARNING: [Synth 8-7129] Port S_AXI_AWID[29] in module axi_crossbar_v2_1_30_crossbar_sasd is either unconnected or has no load
WARNING: [Synth 8-7129] Port S_AXI_AWID[28] in module axi_crossbar_v2_1_30_crossbar_sasd is either unconnected or has no load
WARNING: [Synth 8-7129] Port S_AXI_AWID[27] in module axi_crossbar_v2_1_30_crossbar_sasd is either unconnected or has no load
WARNING: [Synth 8-7129] Port S_AXI_AWID[26] in module axi_crossbar_v2_1_30_crossbar_sasd is either unconnected or has no load
WARNING: [Synth 8-7129] Port S_AXI_AWID[25] in module axi_crossbar_v2_1_30_crossbar_sasd is either unconnected or has no load
WARNING: [Synth 8-7129] Port S_AXI_AWID[24] in module axi_crossbar_v2_1_30_crossbar_sasd is either unconnected or has no load
WARNING: [Synth 8-7129] Port S_AXI_AWID[23] in module axi_crossbar_v2_1_30_crossbar_sasd is either unconnected or has no load
WARNING: [Synth 8-7129] Port S_AXI_AWID[22] in module axi_crossbar_v2_1_30_crossbar_sasd is either unconnected or has no load
WARNING: [Synth 8-7129] Port S_AXI_AWID[21] in module axi_crossbar_v2_1_30_crossbar_sasd is either unconnected or has no load
WARNING: [Synth 8-7129] Port S_AXI_AWID[20] in module axi_crossbar_v2_1_30_crossbar_sasd is either unconnected or has no load
WARNING: [Synth 8-7129] Port S_AXI_AWID[19] in module axi_crossbar_v2_1_30_crossbar_sasd is either unconnected or has no load
WARNING: [Synth 8-7129] Port S_AXI_AWID[18] in module axi_crossbar_v2_1_30_crossbar_sasd is either unconnected or has no load
WARNING: [Synth 8-7129] Port S_AXI_AWID[17] in module axi_crossbar_v2_1_30_crossbar_sasd is either unconnected or has no load
WARNING: [Synth 8-7129] Port S_AXI_WID[33] in module axi_crossbar_v2_1_30_crossbar_sasd is either unconnected or has no load
WARNING: [Synth 8-7129] Port S_AXI_WID[32] in module axi_crossbar_v2_1_30_crossbar_sasd is either unconnected or has no load
WARNING: [Synth 8-7129] Port S_AXI_WID[31] in module axi_crossbar_v2_1_30_crossbar_sasd is either unconnected or has no load
WARNING: [Synth 8-7129] Port S_AXI_WID[30] in module axi_crossbar_v2_1_30_crossbar_sasd is either unconnected or has no load
WARNING: [Synth 8-7129] Port S_AXI_WID[29] in module axi_crossbar_v2_1_30_crossbar_sasd is either unconnected or has no load
WARNING: [Synth 8-7129] Port S_AXI_WID[28] in module axi_crossbar_v2_1_30_crossbar_sasd is either unconnected or has no load
WARNING: [Synth 8-7129] Port S_AXI_WID[27] in module axi_crossbar_v2_1_30_crossbar_sasd is either unconnected or has no load
WARNING: [Synth 8-7129] Port S_AXI_WID[26] in module axi_crossbar_v2_1_30_crossbar_sasd is either unconnected or has no load
WARNING: [Synth 8-7129] Port S_AXI_WID[25] in module axi_crossbar_v2_1_30_crossbar_sasd is either unconnected or has no load
WARNING: [Synth 8-7129] Port S_AXI_WID[24] in module axi_crossbar_v2_1_30_crossbar_sasd is either unconnected or has no load
WARNING: [Synth 8-7129] Port S_AXI_WID[23] in module axi_crossbar_v2_1_30_crossbar_sasd is either unconnected or has no load
WARNING: [Synth 8-7129] Port S_AXI_WID[22] in module axi_crossbar_v2_1_30_crossbar_sasd is either unconnected or has no load
WARNING: [Synth 8-7129] Port S_AXI_WID[21] in module axi_crossbar_v2_1_30_crossbar_sasd is either unconnected or has no load
WARNING: [Synth 8-7129] Port S_AXI_WID[20] in module axi_crossbar_v2_1_30_crossbar_sasd is either unconnected or has no load
WARNING: [Synth 8-7129] Port S_AXI_WID[19] in module axi_crossbar_v2_1_30_crossbar_sasd is either unconnected or has no load
WARNING: [Synth 8-7129] Port S_AXI_WID[18] in module axi_crossbar_v2_1_30_crossbar_sasd is either unconnected or has no load
WARNING: [Synth 8-7129] Port S_AXI_WID[17] in module axi_crossbar_v2_1_30_crossbar_sasd is either unconnected or has no load
WARNING: [Synth 8-7129] Port S_AXI_WID[16] in module axi_crossbar_v2_1_30_crossbar_sasd is either unconnected or has no load
WARNING: [Synth 8-7129] Port S_AXI_WID[15] in module axi_crossbar_v2_1_30_crossbar_sasd is either unconnected or has no load
WARNING: [Synth 8-7129] Port S_AXI_WID[14] in module axi_crossbar_v2_1_30_crossbar_sasd is either unconnected or has no load
WARNING: [Synth 8-7129] Port S_AXI_WID[13] in module axi_crossbar_v2_1_30_crossbar_sasd is either unconnected or has no load
WARNING: [Synth 8-7129] Port S_AXI_WID[12] in module axi_crossbar_v2_1_30_crossbar_sasd is either unconnected or has no load
WARNING: [Synth 8-7129] Port S_AXI_WID[11] in module axi_crossbar_v2_1_30_crossbar_sasd is either unconnected or has no load
WARNING: [Synth 8-7129] Port S_AXI_WID[10] in module axi_crossbar_v2_1_30_crossbar_sasd is either unconnected or has no load
WARNING: [Synth 8-7129] Port S_AXI_WID[9] in module axi_crossbar_v2_1_30_crossbar_sasd is either unconnected or has no load
WARNING: [Synth 8-7129] Port S_AXI_WID[8] in module axi_crossbar_v2_1_30_crossbar_sasd is either unconnected or has no load
WARNING: [Synth 8-7129] Port S_AXI_WID[7] in module axi_crossbar_v2_1_30_crossbar_sasd is either unconnected or has no load
WARNING: [Synth 8-7129] Port S_AXI_WID[6] in module axi_crossbar_v2_1_30_crossbar_sasd is either unconnected or has no load
WARNING: [Synth 8-7129] Port S_AXI_WID[5] in module axi_crossbar_v2_1_30_crossbar_sasd is either unconnected or has no load
WARNING: [Synth 8-7129] Port S_AXI_WID[4] in module axi_crossbar_v2_1_30_crossbar_sasd is either unconnected or has no load
WARNING: [Synth 8-7129] Port S_AXI_WID[3] in module axi_crossbar_v2_1_30_crossbar_sasd is either unconnected or has no load
WARNING: [Synth 8-7129] Port S_AXI_WID[2] in module axi_crossbar_v2_1_30_crossbar_sasd is either unconnected or has no load
WARNING: [Synth 8-7129] Port S_AXI_WID[1] in module axi_crossbar_v2_1_30_crossbar_sasd is either unconnected or has no load
WARNING: [Synth 8-7129] Port S_AXI_WID[0] in module axi_crossbar_v2_1_30_crossbar_sasd is either unconnected or has no load
WARNING: [Synth 8-7129] Port S_AXI_ARID[33] in module axi_crossbar_v2_1_30_crossbar_sasd is either unconnected or has no load
WARNING: [Synth 8-7129] Port S_AXI_ARID[32] in module axi_crossbar_v2_1_30_crossbar_sasd is either unconnected or has no load
WARNING: [Synth 8-7129] Port S_AXI_ARID[31] in module axi_crossbar_v2_1_30_crossbar_sasd is either unconnected or has no load
WARNING: [Synth 8-7129] Port S_AXI_ARID[30] in module axi_crossbar_v2_1_30_crossbar_sasd is either unconnected or has no load
WARNING: [Synth 8-7129] Port S_AXI_ARID[29] in module axi_crossbar_v2_1_30_crossbar_sasd is either unconnected or has no load
WARNING: [Synth 8-7129] Port S_AXI_ARID[28] in module axi_crossbar_v2_1_30_crossbar_sasd is either unconnected or has no load
WARNING: [Synth 8-7129] Port S_AXI_ARID[27] in module axi_crossbar_v2_1_30_crossbar_sasd is either unconnected or has no load
WARNING: [Synth 8-7129] Port S_AXI_ARID[26] in module axi_crossbar_v2_1_30_crossbar_sasd is either unconnected or has no load
WARNING: [Synth 8-7129] Port S_AXI_ARID[25] in module axi_crossbar_v2_1_30_crossbar_sasd is either unconnected or has no load
WARNING: [Synth 8-7129] Port S_AXI_ARID[24] in module axi_crossbar_v2_1_30_crossbar_sasd is either unconnected or has no load
WARNING: [Synth 8-7129] Port S_AXI_ARID[23] in module axi_crossbar_v2_1_30_crossbar_sasd is either unconnected or has no load
WARNING: [Synth 8-7129] Port S_AXI_ARID[22] in module axi_crossbar_v2_1_30_crossbar_sasd is either unconnected or has no load
WARNING: [Synth 8-7129] Port S_AXI_ARID[21] in module axi_crossbar_v2_1_30_crossbar_sasd is either unconnected or has no load
WARNING: [Synth 8-7129] Port S_AXI_ARID[20] in module axi_crossbar_v2_1_30_crossbar_sasd is either unconnected or has no load
WARNING: [Synth 8-7129] Port S_AXI_ARID[19] in module axi_crossbar_v2_1_30_crossbar_sasd is either unconnected or has no load
WARNING: [Synth 8-7129] Port S_AXI_ARID[18] in module axi_crossbar_v2_1_30_crossbar_sasd is either unconnected or has no load
WARNING: [Synth 8-7129] Port S_AXI_ARID[17] in module axi_crossbar_v2_1_30_crossbar_sasd is either unconnected or has no load
WARNING: [Synth 8-7129] Port M_AXI_BID[254] in module axi_crossbar_v2_1_30_crossbar_sasd is either unconnected or has no load
WARNING: [Synth 8-7129] Port M_AXI_BID[253] in module axi_crossbar_v2_1_30_crossbar_sasd is either unconnected or has no load
WARNING: [Synth 8-7129] Port M_AXI_BID[252] in module axi_crossbar_v2_1_30_crossbar_sasd is either unconnected or has no load
WARNING: [Synth 8-7129] Port M_AXI_BID[251] in module axi_crossbar_v2_1_30_crossbar_sasd is either unconnected or has no load
WARNING: [Synth 8-7129] Port M_AXI_BID[250] in module axi_crossbar_v2_1_30_crossbar_sasd is either unconnected or has no load
WARNING: [Synth 8-7129] Port M_AXI_BID[249] in module axi_crossbar_v2_1_30_crossbar_sasd is either unconnected or has no load
WARNING: [Synth 8-7129] Port M_AXI_BID[248] in module axi_crossbar_v2_1_30_crossbar_sasd is either unconnected or has no load
WARNING: [Synth 8-7129] Port M_AXI_BID[247] in module axi_crossbar_v2_1_30_crossbar_sasd is either unconnected or has no load
WARNING: [Synth 8-7129] Port M_AXI_BID[246] in module axi_crossbar_v2_1_30_crossbar_sasd is either unconnected or has no load
WARNING: [Synth 8-7129] Port M_AXI_BID[245] in module axi_crossbar_v2_1_30_crossbar_sasd is either unconnected or has no load
WARNING: [Synth 8-7129] Port M_AXI_BID[244] in module axi_crossbar_v2_1_30_crossbar_sasd is either unconnected or has no load
WARNING: [Synth 8-7129] Port M_AXI_BID[243] in module axi_crossbar_v2_1_30_crossbar_sasd is either unconnected or has no load
WARNING: [Synth 8-7129] Port M_AXI_BID[242] in module axi_crossbar_v2_1_30_crossbar_sasd is either unconnected or has no load
WARNING: [Synth 8-7129] Port M_AXI_BID[241] in module axi_crossbar_v2_1_30_crossbar_sasd is either unconnected or has no load
WARNING: [Synth 8-7129] Port M_AXI_BID[240] in module axi_crossbar_v2_1_30_crossbar_sasd is either unconnected or has no load
WARNING: [Synth 8-7129] Port M_AXI_BID[239] in module axi_crossbar_v2_1_30_crossbar_sasd is either unconnected or has no load
WARNING: [Synth 8-7129] Port M_AXI_BID[238] in module axi_crossbar_v2_1_30_crossbar_sasd is either unconnected or has no load
WARNING: [Synth 8-7129] Port M_AXI_BID[237] in module axi_crossbar_v2_1_30_crossbar_sasd is either unconnected or has no load
WARNING: [Synth 8-7129] Port M_AXI_BID[236] in module axi_crossbar_v2_1_30_crossbar_sasd is either unconnected or has no load
WARNING: [Synth 8-7129] Port M_AXI_BID[235] in module axi_crossbar_v2_1_30_crossbar_sasd is either unconnected or has no load
WARNING: [Synth 8-7129] Port M_AXI_BID[234] in module axi_crossbar_v2_1_30_crossbar_sasd is either unconnected or has no load
WARNING: [Synth 8-7129] Port M_AXI_BID[233] in module axi_crossbar_v2_1_30_crossbar_sasd is either unconnected or has no load
WARNING: [Synth 8-7129] Port M_AXI_BID[232] in module axi_crossbar_v2_1_30_crossbar_sasd is either unconnected or has no load
WARNING: [Synth 8-7129] Port M_AXI_BID[231] in module axi_crossbar_v2_1_30_crossbar_sasd is either unconnected or has no load
WARNING: [Synth 8-7129] Port M_AXI_BID[230] in module axi_crossbar_v2_1_30_crossbar_sasd is either unconnected or has no load
WARNING: [Synth 8-7129] Port M_AXI_BID[229] in module axi_crossbar_v2_1_30_crossbar_sasd is either unconnected or has no load
WARNING: [Synth 8-7129] Port M_AXI_BID[228] in module axi_crossbar_v2_1_30_crossbar_sasd is either unconnected or has no load
WARNING: [Synth 8-7129] Port M_AXI_BID[227] in module axi_crossbar_v2_1_30_crossbar_sasd is either unconnected or has no load
INFO: [Common 17-14] Message 'Synth 8-7129' appears 100 times and further instances of the messages will be disabled. Use the Tcl command set_msg_config to change the current settings.
---------------------------------------------------------------------------------
Finished RTL Elaboration : Time (s): cpu = 00:00:07 ; elapsed = 00:00:22 . Memory (MB): peak = 2270.531 ; gain = 640.406
---------------------------------------------------------------------------------
---------------------------------------------------------------------------------
Start Handling Custom Attributes
---------------------------------------------------------------------------------
---------------------------------------------------------------------------------
Finished Handling Custom Attributes : Time (s): cpu = 00:00:07 ; elapsed = 00:00:22 . Memory (MB): peak = 2270.531 ; gain = 640.406
---------------------------------------------------------------------------------
---------------------------------------------------------------------------------
Finished RTL Optimization Phase 1 : Time (s): cpu = 00:00:07 ; elapsed = 00:00:22 . Memory (MB): peak = 2270.531 ; gain = 640.406
---------------------------------------------------------------------------------
Netlist sorting complete. Time (s): cpu = 00:00:00 ; elapsed = 00:00:00.099 . Memory (MB): peak = 2270.531 ; gain = 0.000
INFO: [Project 1-570] Preparing netlist for logic optimization

Processing XDC Constraints
Initializing timing engine
Parsing XDC File [c:/Dev/apollo_sm_vivado/apollo_sm_xu8/apollo_sm_xu8.gen/sources_1/bd/zynq_bd/ip/zynq_bd_xbar_0/zynq_bd_xbar_0_ooc.xdc] for cell 'inst'
create_clock: Time (s): cpu = 00:00:03 ; elapsed = 00:00:06 . Memory (MB): peak = 2380.676 ; gain = 0.020
Finished Parsing XDC File [c:/Dev/apollo_sm_vivado/apollo_sm_xu8/apollo_sm_xu8.gen/sources_1/bd/zynq_bd/ip/zynq_bd_xbar_0/zynq_bd_xbar_0_ooc.xdc] for cell 'inst'
Parsing XDC File [C:/Dev/apollo_sm_vivado/apollo_sm_xu8/apollo_sm_xu8.runs/zynq_bd_xbar_0_synth_1/dont_touch.xdc]
Finished Parsing XDC File [C:/Dev/apollo_sm_vivado/apollo_sm_xu8/apollo_sm_xu8.runs/zynq_bd_xbar_0_synth_1/dont_touch.xdc]
Completed Processing XDC Constraints

Netlist sorting complete. Time (s): cpu = 00:00:00 ; elapsed = 00:00:00.001 . Memory (MB): peak = 2380.676 ; gain = 0.000
INFO: [Project 1-111] Unisim Transformation Summary:
No Unisim elements were transformed.

The system cannot find the path specified.
Constraint Validation Runtime : Time (s): cpu = 00:00:00 ; elapsed = 00:00:00.176 . Memory (MB): peak = 2380.805 ; gain = 0.129
INFO: [Designutils 20-5008] Incremental synthesis strategy off
---------------------------------------------------------------------------------
Finished Constraint Validation : Time (s): cpu = 00:00:14 ; elapsed = 00:00:42 . Memory (MB): peak = 2380.805 ; gain = 750.680
---------------------------------------------------------------------------------
---------------------------------------------------------------------------------
Start Loading Part and Timing Information
---------------------------------------------------------------------------------
Loading part: xczu7ev-fbvb900-2-i
INFO: [Synth 8-6742] Reading net delay rules and data
---------------------------------------------------------------------------------
Finished Loading Part and Timing Information : Time (s): cpu = 00:00:14 ; elapsed = 00:00:42 . Memory (MB): peak = 2380.805 ; gain = 750.680
---------------------------------------------------------------------------------
---------------------------------------------------------------------------------
Start Applying 'set_property' XDC Constraints
---------------------------------------------------------------------------------
Applied set_property KEEP_HIERARCHY = SOFT for inst. (constraint file  C:/Dev/apollo_sm_vivado/apollo_sm_xu8/apollo_sm_xu8.runs/zynq_bd_xbar_0_synth_1/dont_touch.xdc, line 9).
---------------------------------------------------------------------------------
Finished applying 'set_property' XDC Constraints : Time (s): cpu = 00:00:14 ; elapsed = 00:00:42 . Memory (MB): peak = 2380.805 ; gain = 750.680
---------------------------------------------------------------------------------
INFO: [Synth 8-802] inferred FSM for state register 'gen_axi.write_cs_reg' in module 'axi_crossbar_v2_1_30_decerr_slave'
---------------------------------------------------------------------------------------------------
                   State |                     New Encoding |                Previous Encoding 
---------------------------------------------------------------------------------------------------
            P_WRITE_IDLE |                              001 |                               00
            P_WRITE_DATA |                              010 |                               01
            P_WRITE_RESP |                              100 |                               10
---------------------------------------------------------------------------------------------------
INFO: [Synth 8-3354] encoded FSM with state register 'gen_axi.write_cs_reg' using encoding 'one-hot' in module 'axi_crossbar_v2_1_30_decerr_slave'
---------------------------------------------------------------------------------
Finished RTL Optimization Phase 2 : Time (s): cpu = 00:00:15 ; elapsed = 00:00:43 . Memory (MB): peak = 2380.805 ; gain = 750.680
---------------------------------------------------------------------------------
---------------------------------------------------------------------------------
Start RTL Component Statistics 
---------------------------------------------------------------------------------
Detailed RTL Component Info : 
+---Adders : 
	   2 Input    8 Bit       Adders := 1     
+---Registers : 
	              103 Bit    Registers := 1     
	               16 Bit    Registers := 1     
	                8 Bit    Registers := 1     
	                4 Bit    Registers := 1     
	                3 Bit    Registers := 1     
	                2 Bit    Registers := 6     
	                1 Bit    Registers := 13    
+---Muxes : 
	   2 Input  103 Bit        Muxes := 2     
	   2 Input   16 Bit        Muxes := 1     
	   2 Input   15 Bit        Muxes := 1     
	   2 Input    8 Bit        Muxes := 1     
	   3 Input    1 Bit        Muxes := 9     
	   2 Input    1 Bit        Muxes := 130   
---------------------------------------------------------------------------------
Finished RTL Component Statistics 
---------------------------------------------------------------------------------
---------------------------------------------------------------------------------
Start Part Resource Summary
---------------------------------------------------------------------------------
Part Resources:
DSPs: 1728 (col length:144)
BRAMs: 624 (col length: RAMB18 144 RAMB36 72)
---------------------------------------------------------------------------------
Finished Part Resource Summary
---------------------------------------------------------------------------------
---------------------------------------------------------------------------------
Start Cross Boundary and Area Optimization
---------------------------------------------------------------------------------
WARNING: [Synth 8-7080] Parallel synthesis criteria is not met
---------------------------------------------------------------------------------
Finished Cross Boundary and Area Optimization : Time (s): cpu = 00:00:17 ; elapsed = 00:00:49 . Memory (MB): peak = 2380.805 ; gain = 750.680
---------------------------------------------------------------------------------
---------------------------------------------------------------------------------
Start Applying XDC Timing Constraints
---------------------------------------------------------------------------------
---------------------------------------------------------------------------------
Finished Applying XDC Timing Constraints : Time (s): cpu = 00:00:24 ; elapsed = 00:01:11 . Memory (MB): peak = 2707.191 ; gain = 1077.066
---------------------------------------------------------------------------------
---------------------------------------------------------------------------------
Start Timing Optimization
---------------------------------------------------------------------------------
---------------------------------------------------------------------------------
Finished Timing Optimization : Time (s): cpu = 00:00:25 ; elapsed = 00:01:15 . Memory (MB): peak = 2794.590 ; gain = 1164.465
---------------------------------------------------------------------------------
---------------------------------------------------------------------------------
Start Technology Mapping
---------------------------------------------------------------------------------
---------------------------------------------------------------------------------
Finished Technology Mapping : Time (s): cpu = 00:00:25 ; elapsed = 00:01:15 . Memory (MB): peak = 2795.637 ; gain = 1165.512
---------------------------------------------------------------------------------
---------------------------------------------------------------------------------
Start IO Insertion
---------------------------------------------------------------------------------
---------------------------------------------------------------------------------
Start Flattening Before IO Insertion
---------------------------------------------------------------------------------
---------------------------------------------------------------------------------
Finished Flattening Before IO Insertion
---------------------------------------------------------------------------------
---------------------------------------------------------------------------------
Start Final Netlist Cleanup
---------------------------------------------------------------------------------
---------------------------------------------------------------------------------
Finished Final Netlist Cleanup
---------------------------------------------------------------------------------
---------------------------------------------------------------------------------
Finished IO Insertion : Time (s): cpu = 00:00:26 ; elapsed = 00:01:25 . Memory (MB): peak = 2795.637 ; gain = 1165.512
---------------------------------------------------------------------------------
---------------------------------------------------------------------------------
Start Renaming Generated Instances
---------------------------------------------------------------------------------
---------------------------------------------------------------------------------
Finished Renaming Generated Instances : Time (s): cpu = 00:00:26 ; elapsed = 00:01:25 . Memory (MB): peak = 2795.637 ; gain = 1165.512
---------------------------------------------------------------------------------
---------------------------------------------------------------------------------
Start Rebuilding User Hierarchy
---------------------------------------------------------------------------------
---------------------------------------------------------------------------------
Finished Rebuilding User Hierarchy : Time (s): cpu = 00:00:26 ; elapsed = 00:01:26 . Memory (MB): peak = 2795.637 ; gain = 1165.512
---------------------------------------------------------------------------------
---------------------------------------------------------------------------------
Start Renaming Generated Ports
---------------------------------------------------------------------------------
---------------------------------------------------------------------------------
Finished Renaming Generated Ports : Time (s): cpu = 00:00:26 ; elapsed = 00:01:26 . Memory (MB): peak = 2795.637 ; gain = 1165.512
---------------------------------------------------------------------------------
---------------------------------------------------------------------------------
Start Handling Custom Attributes
---------------------------------------------------------------------------------
---------------------------------------------------------------------------------
Finished Handling Custom Attributes : Time (s): cpu = 00:00:26 ; elapsed = 00:01:26 . Memory (MB): peak = 2795.637 ; gain = 1165.512
---------------------------------------------------------------------------------
---------------------------------------------------------------------------------
Start Renaming Generated Nets
---------------------------------------------------------------------------------
---------------------------------------------------------------------------------
Finished Renaming Generated Nets : Time (s): cpu = 00:00:26 ; elapsed = 00:01:26 . Memory (MB): peak = 2795.637 ; gain = 1165.512
---------------------------------------------------------------------------------
---------------------------------------------------------------------------------
Start Writing Synthesis Report
---------------------------------------------------------------------------------

Report BlackBoxes: 
+-+--------------+----------+
| |BlackBox name |Instances |
+-+--------------+----------+
+-+--------------+----------+

Report Cell Usage: 
+------+-----+------+
|      |Cell |Count |
+------+-----+------+
|1     |LUT1 |     1|
|2     |LUT2 |    63|
|3     |LUT3 |    47|
|4     |LUT4 |    88|
|5     |LUT5 |   193|
|6     |LUT6 |   341|
|7     |FDRE |   152|
|8     |FDSE |     2|
+------+-----+------+
---------------------------------------------------------------------------------
Finished Writing Synthesis Report : Time (s): cpu = 00:00:26 ; elapsed = 00:01:26 . Memory (MB): peak = 2795.637 ; gain = 1165.512
---------------------------------------------------------------------------------
Synthesis finished with 0 errors, 0 critical warnings and 663 warnings.
Synthesis Optimization Runtime : Time (s): cpu = 00:00:15 ; elapsed = 00:01:16 . Memory (MB): peak = 2795.637 ; gain = 1055.238
Synthesis Optimization Complete : Time (s): cpu = 00:00:26 ; elapsed = 00:01:27 . Memory (MB): peak = 2795.637 ; gain = 1165.512
INFO: [Project 1-571] Translating synthesized netlist
Netlist sorting complete. Time (s): cpu = 00:00:00 ; elapsed = 00:00:00.100 . Memory (MB): peak = 2807.496 ; gain = 0.000
INFO: [Project 1-570] Preparing netlist for logic optimization
INFO: [Opt 31-138] Pushed 0 inverter(s) to 0 load pin(s).
Netlist sorting complete. Time (s): cpu = 00:00:00 ; elapsed = 00:00:00.001 . Memory (MB): peak = 2825.609 ; gain = 0.000
INFO: [Project 1-111] Unisim Transformation Summary:
No Unisim elements were transformed.

The system cannot find the path specified.
Synth Design complete | Checksum: 5edf0276
INFO: [Common 17-83] Releasing license: Synthesis
84 Infos, 119 Warnings, 0 Critical Warnings and 0 Errors encountered.
synth_design completed successfully
synth_design: Time (s): cpu = 00:00:30 ; elapsed = 00:01:51 . Memory (MB): peak = 2825.609 ; gain = 2304.414
Write ShapeDB Complete: Time (s): cpu = 00:00:00 ; elapsed = 00:00:00.012 . Memory (MB): peak = 2825.609 ; gain = 0.000
INFO: [Common 17-1381] The checkpoint 'C:/Dev/apollo_sm_vivado/apollo_sm_xu8/apollo_sm_xu8.runs/zynq_bd_xbar_0_synth_1/zynq_bd_xbar_0.dcp' has been generated.
write_checkpoint: Time (s): cpu = 00:00:00 ; elapsed = 00:00:07 . Memory (MB): peak = 2825.609 ; gain = 0.000
INFO: [Coretcl 2-1648] Added synthesis output to IP cache for IP zynq_bd_xbar_0, cache-ID = fe565f28ee6b956f
INFO: [Coretcl 2-1174] Renamed 6 cell refs.
Write ShapeDB Complete: Time (s): cpu = 00:00:00 ; elapsed = 00:00:00.006 . Memory (MB): peak = 2825.609 ; gain = 0.000
INFO: [Common 17-1381] The checkpoint 'C:/Dev/apollo_sm_vivado/apollo_sm_xu8/apollo_sm_xu8.runs/zynq_bd_xbar_0_synth_1/zynq_bd_xbar_0.dcp' has been generated.
write_checkpoint: Time (s): cpu = 00:00:00 ; elapsed = 00:00:06 . Memory (MB): peak = 2825.609 ; gain = 0.000
INFO: [runtcl-4] Executing : report_utilization -file zynq_bd_xbar_0_utilization_synth.rpt -pb zynq_bd_xbar_0_utilization_synth.pb
INFO: [Common 17-206] Exiting Vivado at Tue Jul 16 12:30:18 2024...
